2021-04-30 12:33:39,665 INFO     test_ai_mod.carbon_controllers.crawls -- Logging crawl output to /Users/bot/test_ai/apps/805ab2d0-1b98-4c86-af8c-1a247c26739f/builds/00e87c1e-5a12-4f5c-95fc-89f84d1f78a1/logs/crawl-20210430193339.log
2021-04-30 12:33:39,667 INFO     test_ai_mod.carbon_tasks.crawl_build_task -- crawling build, app_id: 805ab2d0-1b98-4c86-af8c-1a247c26739f, build_id: 00e87c1e-5a12-4f5c-95fc-89f84d1f78a1
2021-04-30 12:33:39,667 INFO     test_ai_mod.carbon_tasks.crawl_build_task -- num_steps (when no test): 25
2021-04-30 12:33:39,667 INFO     test_ai_mod.carbon_tasks.crawl_build_task -- max_steps: 150
2021-04-30 12:33:39,667 INFO     test_ai_mod.carbon_tasks.crawl_build_task -- max_iterations: 1
2021-04-30 12:33:39,667 INFO     test_ai_mod.carbon_tasks.crawl_build_task -- rand_seed: 1619810891
2021-04-30 12:33:39,668 INFO     test_ai_mod.carbon_tasks.crawl_build_task -- test_wildcard: *
2021-04-30 12:33:39,668 INFO     test_ai_mod.carbon_tasks.crawl_build_task -- package: None
2021-04-30 12:33:39,668 INFO     test_ai_mod.carbon_tasks.crawl_build_task -- eyes_api_key: None
2021-04-30 12:33:39,668 INFO     test_ai_mod.carbon_tasks.crawl_build_task -- is_noop: False
2021-04-30 12:33:39,669 INFO     test_ai_mod.carbon_tasks.crawl_build_task -- created crawl, id: 20210430123339
2021-04-30 12:33:39,669 INFO     test_ai_mod.carbon_dao.local_carbon_dao -- Getting build info: APP_ID: 805ab2d0-1b98-4c86-af8c-1a247c26739f, BUILD_ID: 00e87c1e-5a12-4f5c-95fc-89f84d1f78a1
2021-04-30 12:33:39,670 INFO     test_ai_mod.carbon_dao.local_carbon_dao -- Getting build info: APP_ID: 805ab2d0-1b98-4c86-af8c-1a247c26739f, BUILD_ID: 00e87c1e-5a12-4f5c-95fc-89f84d1f78a1
2021-04-30 12:33:39,705 INFO     werkzeug -- 127.0.0.1 - - [30/Apr/2021 12:33:39] "[37mGET /favicon.ico HTTP/1.1[0m" 200 -
2021-04-30 12:33:40,027 INFO     test_ai_mod.carbon_explore.explore -- using default extra walk count: 0
2021-04-30 12:33:40,032 INFO     test_ai_mod.carbon_tasks.crawl_build_task -- initiating walk [1/1]
2021-04-30 12:33:40,032 INFO     test_ai_mod.carbon_test_case.carbon_tests -- initial number of steps for walk: 25
2021-04-30 12:33:40,032 INFO     test_ai_mod.carbon_tasks.crawl_build_task -- effective_max_steps this walk: 26
2021-04-30 12:33:40,032 INFO     test_ai_mod.carbon_explore.explore -- **************************************************
2021-04-30 12:33:40,032 INFO     test_ai_mod.carbon_explore.explore -- **************************************************
2021-04-30 12:33:40,032 INFO     test_ai_mod.carbon_explore.explore -- *                                                *
2021-04-30 12:33:40,032 INFO     test_ai_mod.carbon_explore.explore -- *                   BRAIN                    *
2021-04-30 12:33:40,033 INFO     test_ai_mod.carbon_explore.explore -- *                                                *
2021-04-30 12:33:40,033 INFO     test_ai_mod.carbon_explore.explore -- **************************************************
2021-04-30 12:33:40,033 INFO     test_ai_mod.carbon_explore.explore -- **************************************************
2021-04-30 12:33:40,033 INFO     test_ai_mod.carbon_initialization.initialization -- Random seed: 1619810891
2021-04-30 12:33:40,034 INFO     test_ai_mod.carbon_initialization.initialization -- ````````````````````````````````````````````````````````````````````````````````
2021-04-30 12:33:40,034 INFO     test_ai_mod.carbon_initialization.initialization --                   PACKAGE: 805ab2d0-1b98-4c86-af8c-1a247c26739f
2021-04-30 12:33:40,034 INFO     test_ai_mod.carbon_initialization.initialization -- ````````````````````````````````````````````````````````````````````````````````
2021-04-30 12:33:40,034 INFO     test_ai_mod.carbon_initialization.initialization -- platform: DESKTOP_CHROME
2021-04-30 12:33:40,034 INFO     test_ai_mod.carbon_initialization.initialization -- using crawl_directory: /Users/bot/test_ai/apps/805ab2d0-1b98-4c86-af8c-1a247c26739f/builds/00e87c1e-5a12-4f5c-95fc-89f84d1f78a1/crawls/20210430123339
2021-04-30 12:33:40,035 INFO     test_ai_mod.carbon_botio.bot_io -- retrieving bot IO for app: 805ab2d0-1b98-4c86-af8c-1a247c26739f
2021-04-30 12:33:40,035 INFO     test_ai_mod.carbon_botio.bot_io -- ^^^^^^^^^^^^^^^^^^^^^^^^^^^^^^^^^^^^^^^^^^^^^^^^^^^^^^^^^^^^^^^^^^^^^^^^^^^^^^^^
2021-04-30 12:33:40,035 INFO     test_ai_mod.carbon_botio.bot_io -- botio_filepath: /Users/bot/test_ai/apps/805ab2d0-1b98-4c86-af8c-1a247c26739f/lkg/botio.json
2021-04-30 12:33:40,035 INFO     test_ai_mod.carbon_botio.bot_io -- use_snapshot: False
2021-04-30 12:33:40,035 INFO     test_ai_mod.carbon_botio.bot_io -- no botIO found for app: 805ab2d0-1b98-4c86-af8c-1a247c26739f
2021-04-30 12:33:40,036 INFO     test_ai_mod.carbon_utils.carbon_data -- loading models from LKG dir
2021-04-30 12:33:40,036 INFO     test_ai_mod.carbon_utils.carbon_data -- loading models from LKG dir
2021-04-30 12:33:40,036 INFO     test_ai_mod.carbon_explore.test_hooks -- Test case is None, no need for on_setup.
2021-04-30 12:33:40,036 INFO     test_ai_mod.carbon_utils.simulator_tools -- preparing clean iteration state...
2021-04-30 12:33:40,036 INFO     test_ai_mod.carbon_utils.simulator_tools -- starting appium, platform: DESKTOP_CHROME
2021-04-30 12:33:40,037 INFO     test_ai_mod.carbon_utils.simulator_tools -- starting appium/webdriver for desktop chrome
2021-04-30 12:33:40,037 INFO     test_ai_mod.carbon_automation.automator -- Creating Automator Singleton
2021-04-30 12:33:40,037 INFO     test_ai_mod.carbon_automation.automator -- Using automator over http as execution platform
2021-04-30 12:33:41,181 INFO     test_ai_mod.carbon_automation.driver -- Screen density: 2.0
2021-04-30 12:33:41,325 INFO     test_ai_mod.carbon_utils.simulator_tools -- going to https://www.nike.com/
2021-04-30 12:33:46,792 INFO     test_ai_mod.carbon_utils.simulator_tools -- completed setting url, additional time: 5.463542
2021-04-30 12:33:49,391 INFO     werkzeug -- 127.0.0.1 - - [30/Apr/2021 12:33:49] "[37mGET /api/v2/status HTTP/1.1[0m" 200 -
2021-04-30 12:33:50,325 INFO     test_ai_mod.carbon_initialization.initialization -- starting dom stability
2021-04-30 12:33:50,392 INFO     test_ai_mod.carbon_actions.carbon_actions -- Got new page source
2021-04-30 12:33:50,569 INFO     test_ai_mod.carbon_actions.carbon_actions -- Got new page source
2021-04-30 12:33:50,749 INFO     test_ai_mod.carbon_actions.carbon_actions -- Got new page source
2021-04-30 12:33:50,927 INFO     test_ai_mod.carbon_actions.carbon_actions -- Got new page source
2021-04-30 12:33:51,104 INFO     test_ai_mod.carbon_actions.carbon_actions -- Got new page source
2021-04-30 12:33:51,279 INFO     test_ai_mod.carbon_actions.carbon_actions -- Got new page source
2021-04-30 12:33:51,456 INFO     test_ai_mod.carbon_actions.carbon_actions -- Got new page source
2021-04-30 12:33:51,456 INFO     test_ai_mod.carbon_actions.carbon_actions -- Seen the same screen the max amount (5)
2021-04-30 12:33:51,456 INFO     test_ai_mod.carbon_actions.carbon_actions -- sources aren't equal, clearing
2021-04-30 12:33:51,456 INFO     test_ai_mod.carbon_explore.explore_utils -- saving screenshot
2021-04-30 12:33:53,025 INFO     test_ai_mod.carbon_explore.explore_utils -- scn_shot_file_path: /Users/bot/test_ai/apps/805ab2d0-1b98-4c86-af8c-1a247c26739f/builds/00e87c1e-5a12-4f5c-95fc-89f84d1f78a1/crawls/20210430123339/tmp/runtime_labeling_screen.png
2021-04-30 12:33:53,095 INFO     test_ai_mod.carbon_initialization.initialization -- current package sent in as: 805ab2d0-1b98-4c86-af8c-1a247c26739f
2021-04-30 12:33:53,095 INFO     test_ai_mod.carbon_initialization.initialization -- ended dom stability
2021-04-30 12:33:53,099 INFO     test_ai_mod.carbon_explore.explore -- package is set to: 805ab2d0-1b98-4c86-af8c-1a247c26739f
2021-04-30 12:33:53,099 INFO     test_ai_mod.carbon_explore.explore -- ********************************************************************************
2021-04-30 12:33:53,099 INFO     test_ai_mod.carbon_explore.explore -- * TIMEOUT: None
2021-04-30 12:33:53,099 INFO     test_ai_mod.carbon_explore.explore -- * disable_bounceback: False
2021-04-30 12:33:53,100 INFO     test_ai_mod.carbon_explore.explore -- ********************************************************************************
2021-04-30 12:33:53,100 INFO     test_ai_mod.carbon_explore.explore -- getting walk queue
2021-04-30 12:33:53,100 INFO     test_ai_mod.carbon_explore.explore_utils -- getting screen_elems
2021-04-30 12:33:54,223 INFO     test_ai_mod.carbon_utils.scrape_utils -- Successfully collected web scrape.
2021-04-30 12:33:54,225 INFO     test_ai_mod.carbon_explore.explore_utils -- filtering elems - 58
2021-04-30 12:33:54,297 INFO     test_ai_mod.carbon_explore.explore_utils -- saving info - 50
2021-04-30 12:33:54,297 INFO     test_ai_mod.carbon_explore.explore_utils -- saving core elems iter: 0, step 0, save_dir: /Users/bot/test_ai/apps/805ab2d0-1b98-4c86-af8c-1a247c26739f/builds/00e87c1e-5a12-4f5c-95fc-89f84d1f78a1/crawls/20210430123339
2021-04-30 12:33:54,316 INFO     test_ai_mod.carbon_explore.explore -- got all screen info saved
2021-04-30 12:33:54,317 INFO     test_ai_mod.carbon_explore.explore_utils -- saving core elems iter: 0, step 0, save_dir: /Users/bot/test_ai/apps/805ab2d0-1b98-4c86-af8c-1a247c26739f/builds/00e87c1e-5a12-4f5c-95fc-89f84d1f78a1/crawls/20210430123339
2021-04-30 12:33:54,350 INFO     test_ai_mod.carbon_explore.result_storage -- LOG FILE PATH: /Users/bot/test_ai/apps/805ab2d0-1b98-4c86-af8c-1a247c26739f/builds/00e87c1e-5a12-4f5c-95fc-89f84d1f78a1/crawls/20210430123339/iter_00000_step_00000_logs.txt
2021-04-30 12:33:54,350 INFO     test_ai_mod.carbon_explore.result_storage -- ALL LOGS FILE PATH: /Users/bot/test_ai/apps/805ab2d0-1b98-4c86-af8c-1a247c26739f/builds/00e87c1e-5a12-4f5c-95fc-89f84d1f78a1/crawls/20210430123339/iter_00000_step_-0001_logs.txt
2021-04-30 12:33:54,360 INFO     test_ai_mod.carbon_explore.interactive -- Interactive explore -- start_interactive_loop starting.
2021-04-30 12:33:54,368 INFO     test_ai_mod.carbon_explore.interactive -- Interactive explore -- running initial auto label
2021-04-30 12:33:54,368 INFO     test_ai_mod.carbon_tasks.process_crawl_task -- processing crawl: 20210430123339 (app: 805ab2d0-1b98-4c86-af8c-1a247c26739f, build: 00e87c1e-5a12-4f5c-95fc-89f84d1f78a1)
2021-04-30 12:33:54,368 INFO     test_ai_mod.carbon_tasks.process_crawl_task -- processing screens for crawl
2021-04-30 12:33:54,525 INFO     test_ai_mod.carbon_tasks.process_crawl_task -- writing unique screens file
2021-04-30 12:33:54,526 INFO     test_ai_mod.carbon_tasks.process_crawl_task -- writing screen hash map
2021-04-30 12:33:54,528 INFO     test_ai_mod.carbon_tasks.process_crawl_task -- writing screen similarity file
2021-04-30 12:33:54,528 INFO     test_ai_mod.carbon_tasks.process_crawl_task -- processing elements for crawl
2021-04-30 12:33:54,531 INFO     test_ai_mod.carbon_tasks.process_crawl_task -- processing: iter_00000_step_00000_info.json
2021-04-30 12:33:54,771 INFO     test_ai_mod.carbon_tasks.process_crawl_task -- Writing unique tags file.
2021-04-30 12:33:54,771 INFO     test_ai_mod.carbon_tasks.process_crawl_task -- writing unique elems file
2021-04-30 12:33:54,772 INFO     test_ai_mod.carbon_tasks.process_crawl_task -- writing elem hash map
2021-04-30 12:33:54,780 INFO     test_ai_mod.carbon_tasks.process_crawl_task -- writing elem similarity file
2021-04-30 12:33:54,782 INFO     test_ai_mod.carbon_tasks.process_crawl_task -- generating labeler objects file for crawl (v0)
2021-04-30 12:33:54,792 ERROR    test_ai_mod.carbon_tasks.labeler_objects_task -- elem not found: iter_00000_step_00000_39_div.png
2021-04-30 12:33:54,793 INFO     test_ai_mod.carbon_tasks.process_crawl_task -- reconciling screens labeled at runtime
2021-04-30 12:33:54,793 INFO     test_ai_mod.carbon_tasks.process_crawl_task -- reconciling elements labeled at runtime
2021-04-30 12:33:54,798 INFO     test_ai_mod.carbon_tasks.generate_auto_labels_task -- generating auto labels for crawl: 20210430123339, app_id: 805ab2d0-1b98-4c86-af8c-1a247c26739f, build_id: 00e87c1e-5a12-4f5c-95fc-89f84d1f78a1
2021-04-30 12:33:54,799 INFO     test_ai_mod.carbon_dao.local_carbon_dao -- Getting build info: APP_ID: 805ab2d0-1b98-4c86-af8c-1a247c26739f, BUILD_ID: 00e87c1e-5a12-4f5c-95fc-89f84d1f78a1
2021-04-30 12:33:54,801 INFO     test_ai_mod.carbon_dao.local_carbon_dao -- Getting build info: APP_ID: 805ab2d0-1b98-4c86-af8c-1a247c26739f, BUILD_ID: 00e87c1e-5a12-4f5c-95fc-89f84d1f78a1
2021-04-30 12:33:54,802 INFO     test_ai_mod.carbon_dao.local_carbon_dao -- Getting build info: APP_ID: 805ab2d0-1b98-4c86-af8c-1a247c26739f, BUILD_ID: 00e87c1e-5a12-4f5c-95fc-89f84d1f78a1
2021-04-30 12:33:54,803 INFO     test_ai_mod.carbon_dao.local_carbon_dao -- Getting build info: APP_ID: 805ab2d0-1b98-4c86-af8c-1a247c26739f, BUILD_ID: 00e87c1e-5a12-4f5c-95fc-89f84d1f78a1
2021-04-30 12:33:54,804 INFO     test_ai_mod.carbon_dao.local_carbon_dao -- Getting build info: APP_ID: 805ab2d0-1b98-4c86-af8c-1a247c26739f, BUILD_ID: 00e87c1e-5a12-4f5c-95fc-89f84d1f78a1
2021-04-30 12:33:54,805 INFO     test_ai_mod.carbon_dao.local_carbon_dao -- Getting build info: APP_ID: 805ab2d0-1b98-4c86-af8c-1a247c26739f, BUILD_ID: 00e87c1e-5a12-4f5c-95fc-89f84d1f78a1
2021-04-30 12:33:54,806 INFO     test_ai_mod.carbon_dao.local_carbon_dao -- Getting build info: APP_ID: 805ab2d0-1b98-4c86-af8c-1a247c26739f, BUILD_ID: 00e87c1e-5a12-4f5c-95fc-89f84d1f78a1
2021-04-30 12:33:54,807 INFO     test_ai_mod.carbon_dao.local_carbon_dao -- Getting build info: APP_ID: 805ab2d0-1b98-4c86-af8c-1a247c26739f, BUILD_ID: 00e87c1e-5a12-4f5c-95fc-89f84d1f78a1
2021-04-30 12:33:54,808 INFO     test_ai_mod.carbon_dao.local_carbon_dao -- Getting build info: APP_ID: 805ab2d0-1b98-4c86-af8c-1a247c26739f, BUILD_ID: 00e87c1e-5a12-4f5c-95fc-89f84d1f78a1
2021-04-30 12:33:54,808 INFO     test_ai_mod.carbon_dao.local_carbon_dao -- Getting build info: APP_ID: 805ab2d0-1b98-4c86-af8c-1a247c26739f, BUILD_ID: 00e87c1e-5a12-4f5c-95fc-89f84d1f78a1
2021-04-30 12:33:54,809 INFO     test_ai_mod.carbon_dao.local_carbon_dao -- Getting build info: APP_ID: 805ab2d0-1b98-4c86-af8c-1a247c26739f, BUILD_ID: 00e87c1e-5a12-4f5c-95fc-89f84d1f78a1
2021-04-30 12:33:54,810 INFO     test_ai_mod.carbon_dao.local_carbon_dao -- Getting build info: APP_ID: 805ab2d0-1b98-4c86-af8c-1a247c26739f, BUILD_ID: 00e87c1e-5a12-4f5c-95fc-89f84d1f78a1
2021-04-30 12:33:54,811 INFO     test_ai_mod.carbon_dao.local_carbon_dao -- Getting build info: APP_ID: 805ab2d0-1b98-4c86-af8c-1a247c26739f, BUILD_ID: 00e87c1e-5a12-4f5c-95fc-89f84d1f78a1
2021-04-30 12:33:54,812 INFO     test_ai_mod.carbon_dao.local_carbon_dao -- Getting build info: APP_ID: 805ab2d0-1b98-4c86-af8c-1a247c26739f, BUILD_ID: 00e87c1e-5a12-4f5c-95fc-89f84d1f78a1
2021-04-30 12:33:54,824 ERROR    test_ai_mod.carbon_explore.explore -- unexpected error
Traceback (most recent call last):
  File "test_ai_mod/carbon_explore/explore.py", line 325, in explore.perform_walk
  File "test_ai_mod/carbon_utils/performance_profiler.py", line 15, in performance_profiler.profile_method.decorator.wrapper
  File "test_ai_mod/carbon_utils/performance_profiler.py", line 12, in performance_profiler.profile_method.decorator.wrapper
  File "test_ai_mod/carbon_explore/explore.py", line 579, in explore.explore_loop
  File "test_ai_mod/carbon_explore/interactive.py", line 344, in interactive.start_interactive_loop
  File "test_ai_mod/carbon_tasks/generate_auto_labels_task.py", line 687, in generate_auto_labels_task.generate_auto_labels_driver
  File "test_ai_mod/carbon_tasks/generate_auto_labels_task.py", line 252, in generate_auto_labels_task.generate_hash_based_labels
TypeError: argument of type 'NoneType' is not iterable
2021-04-30 12:33:54,824 INFO     test_ai_mod.carbon_explore.explore -- performing post-walk cleanup
2021-04-30 12:33:54,824 INFO     test_ai_mod.carbon_utils.simulator_tools -- performing post-test cleanup
2021-04-30 12:33:54,824 INFO     test_ai_mod.carbon_utils.simulator_tools -- calling driver.quit
2021-04-30 12:33:54,943 ERROR    test_ai_mod.carbon_tasks.crawl_build_task -- failed!!
Traceback (most recent call last):
  File "test_ai_mod/carbon_tasks/crawl_build_task.py", line 153, in crawl_build_task.crawl_build
  File "test_ai_mod/carbon_utils/performance_profiler.py", line 15, in performance_profiler.profile_method.decorator.wrapper
  File "test_ai_mod/carbon_utils/performance_profiler.py", line 12, in performance_profiler.profile_method.decorator.wrapper
  File "test_ai_mod/carbon_explore/explore.py", line 355, in explore.perform_walk
  File "test_ai_mod/carbon_explore/explore.py", line 325, in explore.perform_walk
  File "test_ai_mod/carbon_utils/performance_profiler.py", line 15, in performance_profiler.profile_method.decorator.wrapper
  File "test_ai_mod/carbon_utils/performance_profiler.py", line 12, in performance_profiler.profile_method.decorator.wrapper
  File "test_ai_mod/carbon_explore/explore.py", line 579, in explore.explore_loop
  File "test_ai_mod/carbon_explore/interactive.py", line 344, in interactive.start_interactive_loop
  File "test_ai_mod/carbon_tasks/generate_auto_labels_task.py", line 687, in generate_auto_labels_task.generate_auto_labels_driver
  File "test_ai_mod/carbon_tasks/generate_auto_labels_task.py", line 252, in generate_auto_labels_task.generate_hash_based_labels
TypeError: argument of type 'NoneType' is not iterable
2021-04-30 12:33:54,943 ERROR    test_ai_mod.carbon_tasks.crawl_build_task -- walk: 1 - failed
2021-04-30 12:33:55,713 INFO     test_ai_mod.carbon_dao.local_carbon_dao -- Getting build info: APP_ID: 805ab2d0-1b98-4c86-af8c-1a247c26739f, BUILD_ID: 00e87c1e-5a12-4f5c-95fc-89f84d1f78a1
2021-04-30 12:33:55,714 INFO     test_ai_mod.carbon_dao.local_carbon_dao -- Getting build info: APP_ID: 805ab2d0-1b98-4c86-af8c-1a247c26739f, BUILD_ID: 00e87c1e-5a12-4f5c-95fc-89f84d1f78a1
2021-04-30 12:33:55,715 INFO     test_ai_mod.carbon_dao.local_carbon_dao -- Getting build info: APP_ID: 805ab2d0-1b98-4c86-af8c-1a247c26739f, BUILD_ID: 00e87c1e-5a12-4f5c-95fc-89f84d1f78a1
2021-04-30 12:33:55,715 INFO     test_ai_mod.carbon_dao.local_carbon_dao -- Getting build info: APP_ID: 805ab2d0-1b98-4c86-af8c-1a247c26739f, BUILD_ID: 00e87c1e-5a12-4f5c-95fc-89f84d1f78a1
2021-04-30 12:33:55,716 INFO     test_ai_mod.carbon_dao.local_carbon_dao -- Getting build info: APP_ID: 805ab2d0-1b98-4c86-af8c-1a247c26739f, BUILD_ID: 00e87c1e-5a12-4f5c-95fc-89f84d1f78a1
2021-04-30 12:33:55,717 INFO     test_ai_mod.carbon_dao.local_carbon_dao -- Getting build info: APP_ID: 805ab2d0-1b98-4c86-af8c-1a247c26739f, BUILD_ID: 00e87c1e-5a12-4f5c-95fc-89f84d1f78a1
2021-04-30 12:33:55,717 INFO     test_ai_mod.carbon_dao.local_carbon_dao -- Getting build info: APP_ID: 805ab2d0-1b98-4c86-af8c-1a247c26739f, BUILD_ID: 00e87c1e-5a12-4f5c-95fc-89f84d1f78a1
2021-04-30 12:33:55,718 INFO     test_ai_mod.carbon_dao.local_carbon_dao -- Getting build info: APP_ID: 805ab2d0-1b98-4c86-af8c-1a247c26739f, BUILD_ID: 00e87c1e-5a12-4f5c-95fc-89f84d1f78a1
2021-04-30 12:33:55,718 INFO     test_ai_mod.carbon_dao.local_carbon_dao -- Getting build info: APP_ID: 805ab2d0-1b98-4c86-af8c-1a247c26739f, BUILD_ID: 00e87c1e-5a12-4f5c-95fc-89f84d1f78a1
2021-04-30 12:33:55,719 INFO     test_ai_mod.carbon_dao.local_carbon_dao -- Getting build info: APP_ID: 805ab2d0-1b98-4c86-af8c-1a247c26739f, BUILD_ID: 00e87c1e-5a12-4f5c-95fc-89f84d1f78a1
2021-04-30 12:33:55,720 INFO     test_ai_mod.carbon_dao.local_carbon_dao -- Getting build info: APP_ID: 805ab2d0-1b98-4c86-af8c-1a247c26739f, BUILD_ID: 00e87c1e-5a12-4f5c-95fc-89f84d1f78a1
2021-04-30 12:33:55,720 INFO     test_ai_mod.carbon_dao.local_carbon_dao -- Getting build info: APP_ID: 805ab2d0-1b98-4c86-af8c-1a247c26739f, BUILD_ID: 00e87c1e-5a12-4f5c-95fc-89f84d1f78a1
2021-04-30 12:33:55,721 INFO     test_ai_mod.carbon_dao.local_carbon_dao -- Getting build info: APP_ID: 805ab2d0-1b98-4c86-af8c-1a247c26739f, BUILD_ID: 00e87c1e-5a12-4f5c-95fc-89f84d1f78a1
2021-04-30 12:33:55,721 INFO     test_ai_mod.carbon_tasks.version_control_tasks -- processing screens and elements (crawl: 20210428232212)
2021-04-30 12:33:55,721 INFO     test_ai_mod.carbon_tasks.process_crawl_task -- processing crawl: 20210428232212 (app: 805ab2d0-1b98-4c86-af8c-1a247c26739f, build: 00e87c1e-5a12-4f5c-95fc-89f84d1f78a1)
2021-04-30 12:33:55,721 INFO     test_ai_mod.carbon_tasks.process_crawl_task -- processing screens for crawl
2021-04-30 12:33:57,340 INFO     test_ai_mod.carbon_tasks.process_crawl_task -- writing unique screens file
2021-04-30 12:33:57,341 INFO     test_ai_mod.carbon_tasks.process_crawl_task -- writing screen hash map
2021-04-30 12:33:57,584 INFO     test_ai_mod.carbon_tasks.process_crawl_task -- writing screen similarity file
2021-04-30 12:33:57,585 INFO     test_ai_mod.carbon_tasks.process_crawl_task -- processing elements for crawl
2021-04-30 12:33:57,592 INFO     test_ai_mod.carbon_tasks.process_crawl_task -- processing: iter_00000_step_00017_info.json
2021-04-30 12:33:57,633 INFO     test_ai_mod.carbon_tasks.process_crawl_task -- processing: iter_00000_step_00003_info.json
2021-04-30 12:33:57,638 INFO     test_ai_mod.carbon_tasks.process_crawl_task -- processing: iter_00000_step_00058_info.json
2021-04-30 12:33:57,653 INFO     test_ai_mod.carbon_tasks.process_crawl_task -- processing: iter_00000_step_00022_info.json
2021-04-30 12:33:57,690 INFO     test_ai_mod.carbon_tasks.process_crawl_task -- processing: iter_00000_step_00036_info.json
2021-04-30 12:33:57,729 INFO     test_ai_mod.carbon_tasks.process_crawl_task -- processing: iter_00000_step_00055_info.json
2021-04-30 12:33:57,771 INFO     test_ai_mod.carbon_tasks.process_crawl_task -- processing: iter_00000_step_00041_info.json
2021-04-30 12:33:57,821 INFO     test_ai_mod.carbon_tasks.process_crawl_task -- processing: iter_00000_step_00024_info.json
2021-04-30 12:33:57,868 INFO     test_ai_mod.carbon_tasks.process_crawl_task -- processing: iter_00000_step_00030_info.json
2021-04-30 12:33:57,904 INFO     test_ai_mod.carbon_tasks.process_crawl_task -- processing: iter_00000_step_00011_info.json
2021-04-30 12:33:57,907 INFO     test_ai_mod.carbon_tasks.process_crawl_task -- processing: iter_00000_step_00005_info.json
2021-04-30 12:33:57,916 INFO     test_ai_mod.carbon_tasks.process_crawl_task -- processing: iter_00000_step_00029_info.json
2021-04-30 12:33:57,961 INFO     test_ai_mod.carbon_tasks.process_crawl_task -- processing: iter_00000_step_00053_info.json
2021-04-30 12:33:58,001 INFO     test_ai_mod.carbon_tasks.process_crawl_task -- processing: iter_00000_step_00047_info.json
2021-04-30 12:33:58,036 INFO     test_ai_mod.carbon_tasks.process_crawl_task -- processing: iter_00000_step_00008_info.json
2021-04-30 12:33:58,039 INFO     test_ai_mod.carbon_tasks.process_crawl_task -- processing: iter_00000_step_00002_info.json
2021-04-30 12:33:58,047 INFO     test_ai_mod.carbon_tasks.process_crawl_task -- processing: iter_00000_step_00016_info.json
2021-04-30 12:33:58,093 INFO     test_ai_mod.carbon_tasks.process_crawl_task -- processing: iter_00000_step_00037_info.json
2021-04-30 12:33:58,130 INFO     test_ai_mod.carbon_tasks.process_crawl_task -- processing: iter_00000_step_00059_info.json
2021-04-30 12:33:58,162 INFO     test_ai_mod.carbon_tasks.process_crawl_task -- processing: iter_00000_step_00023_info.json
2021-04-30 12:33:58,210 INFO     test_ai_mod.carbon_tasks.process_crawl_task -- processing: iter_00000_step_00040_info.json
2021-04-30 12:33:58,255 INFO     test_ai_mod.carbon_tasks.process_crawl_task -- processing: iter_00000_step_00054_info.json
2021-04-30 12:33:58,283 INFO     test_ai_mod.carbon_tasks.process_crawl_task -- processing: iter_00000_step_00031_info.json
2021-04-30 12:33:58,323 INFO     test_ai_mod.carbon_tasks.process_crawl_task -- processing: iter_00000_step_00025_info.json
2021-04-30 12:33:58,364 INFO     test_ai_mod.carbon_tasks.process_crawl_task -- processing: iter_00000_step_00004_info.json
2021-04-30 12:33:58,366 INFO     test_ai_mod.carbon_tasks.process_crawl_task -- processing: iter_00000_step_00010_info.json
2021-04-30 12:33:58,373 INFO     test_ai_mod.carbon_tasks.process_crawl_task -- processing: iter_00000_step_00046_info.json
2021-04-30 12:33:58,415 INFO     test_ai_mod.carbon_tasks.process_crawl_task -- processing: iter_00000_step_00028_info.json
2021-04-30 12:33:58,461 INFO     test_ai_mod.carbon_tasks.process_crawl_task -- processing: iter_00000_step_00052_info.json
2021-04-30 12:33:58,498 INFO     test_ai_mod.carbon_tasks.process_crawl_task -- processing: iter_00000_step_00009_info.json
2021-04-30 12:33:58,504 INFO     test_ai_mod.carbon_tasks.process_crawl_task -- processing: iter_00000_step_00020_info.json
2021-04-30 12:33:58,538 INFO     test_ai_mod.carbon_tasks.process_crawl_task -- processing: iter_00000_step_00034_info.json
2021-04-30 12:33:58,575 INFO     test_ai_mod.carbon_tasks.process_crawl_task -- processing: iter_00000_step_00015_info.json
2021-04-30 12:33:58,610 INFO     test_ai_mod.carbon_tasks.process_crawl_task -- processing: iter_00000_step_00001_info.json
2021-04-30 12:33:58,625 INFO     test_ai_mod.carbon_tasks.process_crawl_task -- processing: iter_00000_step_00057_info.json
2021-04-30 12:33:58,641 INFO     test_ai_mod.carbon_tasks.process_crawl_task -- processing: iter_00000_step_00039_info.json
2021-04-30 12:33:58,689 INFO     test_ai_mod.carbon_tasks.process_crawl_task -- processing: iter_00000_step_00043_info.json
2021-04-30 12:33:58,729 INFO     test_ai_mod.carbon_tasks.process_crawl_task -- processing: iter_00000_step_00018_info.json
2021-04-30 12:33:58,774 INFO     test_ai_mod.carbon_tasks.process_crawl_task -- processing: iter_00000_step_00013_info.json
2021-04-30 12:33:58,808 INFO     test_ai_mod.carbon_tasks.process_crawl_task -- processing: iter_00000_step_00007_info.json
2021-04-30 12:33:58,818 INFO     test_ai_mod.carbon_tasks.process_crawl_task -- processing: iter_00000_step_00026_info.json
2021-04-30 12:33:58,862 INFO     test_ai_mod.carbon_tasks.process_crawl_task -- processing: iter_00000_step_00048_info.json
2021-04-30 12:33:58,901 INFO     test_ai_mod.carbon_tasks.process_crawl_task -- processing: iter_00000_step_00032_info.json
2021-04-30 12:33:58,942 INFO     test_ai_mod.carbon_tasks.process_crawl_task -- processing: iter_00000_step_00051_info.json
2021-04-30 12:33:58,983 INFO     test_ai_mod.carbon_tasks.process_crawl_task -- processing: iter_00000_step_00045_info.json
2021-04-30 12:33:59,023 INFO     test_ai_mod.carbon_tasks.process_crawl_task -- processing: iter_00000_step_00035_info.json
2021-04-30 12:33:59,059 INFO     test_ai_mod.carbon_tasks.process_crawl_task -- processing: iter_00000_step_00021_info.json
2021-04-30 12:33:59,092 INFO     test_ai_mod.carbon_tasks.process_crawl_task -- processing: iter_00000_step_00000_info.json
2021-04-30 12:33:59,112 INFO     test_ai_mod.carbon_tasks.process_crawl_task -- processing: iter_00000_step_00014_info.json
2021-04-30 12:33:59,152 INFO     test_ai_mod.carbon_tasks.process_crawl_task -- processing: iter_00000_step_00038_info.json
2021-04-30 12:33:59,201 INFO     test_ai_mod.carbon_tasks.process_crawl_task -- processing: iter_00000_step_00042_info.json
2021-04-30 12:33:59,239 INFO     test_ai_mod.carbon_tasks.process_crawl_task -- processing: iter_00000_step_00056_info.json
2021-04-30 12:33:59,276 INFO     test_ai_mod.carbon_tasks.process_crawl_task -- processing: iter_00000_step_00019_info.json
2021-04-30 12:33:59,308 INFO     test_ai_mod.carbon_tasks.process_crawl_task -- processing: iter_00000_step_00006_info.json
2021-04-30 12:33:59,316 INFO     test_ai_mod.carbon_tasks.process_crawl_task -- processing: iter_00000_step_00012_info.json
2021-04-30 12:33:59,355 INFO     test_ai_mod.carbon_tasks.process_crawl_task -- processing: iter_00000_step_00049_info.json
2021-04-30 12:33:59,395 INFO     test_ai_mod.carbon_tasks.process_crawl_task -- processing: iter_00000_step_00033_info.json
2021-04-30 12:33:59,433 INFO     test_ai_mod.carbon_tasks.process_crawl_task -- processing: iter_00000_step_00027_info.json
2021-04-30 12:33:59,478 INFO     test_ai_mod.carbon_tasks.process_crawl_task -- processing: iter_00000_step_00044_info.json
2021-04-30 12:33:59,519 INFO     test_ai_mod.carbon_tasks.process_crawl_task -- processing: iter_00000_step_00050_info.json
2021-04-30 12:34:02,638 INFO     werkzeug -- 127.0.0.1 - - [30/Apr/2021 12:34:02] "[37mGET /api/v2/status HTTP/1.1[0m" 200 -
2021-04-30 12:34:10,488 INFO     test_ai_mod.carbon_tasks.process_crawl_task -- Writing unique tags file.
2021-04-30 12:34:10,489 INFO     test_ai_mod.carbon_tasks.process_crawl_task -- writing unique elems file
2021-04-30 12:34:10,505 INFO     test_ai_mod.carbon_tasks.process_crawl_task -- writing elem hash map
2021-04-30 12:34:10,727 INFO     test_ai_mod.carbon_tasks.process_crawl_task -- writing elem similarity file
2021-04-30 12:34:10,751 INFO     test_ai_mod.carbon_tasks.process_crawl_task -- generating and saving feature data for crawl
2021-04-30 12:34:10,751 INFO     test_ai_mod.carbon_tasks.generate_feature_data_task -- generating feature data for crawl: 20210428232212, app_id: 805ab2d0-1b98-4c86-af8c-1a247c26739f, build_id: 00e87c1e-5a12-4f5c-95fc-89f84d1f78a1
2021-04-30 12:34:10,752 INFO     test_ai_mod.carbon_tasks.generate_feature_data_task -- generating screen feature data
2021-04-30 12:34:17,748 INFO     werkzeug -- 127.0.0.1 - - [30/Apr/2021 12:34:17] "[37mGET /api/v2/status HTTP/1.1[0m" 200 -
2021-04-30 12:34:30,055 INFO     test_ai_mod.carbon_tasks.generate_feature_data_task -- saving screen feature data
2021-04-30 12:34:30,083 INFO     test_ai_mod.carbon_tasks.process_crawl_task -- generating labeler objects file for crawl (v0)
2021-04-30 12:34:30,727 INFO     test_ai_mod.carbon_tasks.process_crawl_task -- reconciling screens labeled at runtime
2021-04-30 12:34:30,727 INFO     test_ai_mod.carbon_tasks.process_crawl_task -- reconciling elements labeled at runtime
2021-04-30 12:34:30,953 INFO     test_ai_mod.carbon_tasks.version_control_tasks -- processing screens and elements (crawl: 20210430110653)
2021-04-30 12:34:30,953 INFO     test_ai_mod.carbon_tasks.process_crawl_task -- processing crawl: 20210430110653 (app: 805ab2d0-1b98-4c86-af8c-1a247c26739f, build: 00e87c1e-5a12-4f5c-95fc-89f84d1f78a1)
2021-04-30 12:34:30,953 INFO     test_ai_mod.carbon_tasks.process_crawl_task -- processing screens for crawl
2021-04-30 12:34:31,128 INFO     test_ai_mod.carbon_tasks.process_crawl_task -- writing unique screens file
2021-04-30 12:34:31,129 INFO     test_ai_mod.carbon_tasks.process_crawl_task -- writing screen hash map
2021-04-30 12:34:31,133 INFO     test_ai_mod.carbon_tasks.process_crawl_task -- writing screen similarity file
2021-04-30 12:34:31,133 INFO     test_ai_mod.carbon_tasks.process_crawl_task -- processing elements for crawl
2021-04-30 12:34:31,135 INFO     test_ai_mod.carbon_tasks.process_crawl_task -- processing: iter_00000_step_00000_info.json
2021-04-30 12:34:31,344 INFO     test_ai_mod.carbon_tasks.process_crawl_task -- Writing unique tags file.
2021-04-30 12:34:31,346 INFO     test_ai_mod.carbon_tasks.process_crawl_task -- writing unique elems file
2021-04-30 12:34:31,347 INFO     test_ai_mod.carbon_tasks.process_crawl_task -- writing elem hash map
2021-04-30 12:34:31,354 INFO     test_ai_mod.carbon_tasks.process_crawl_task -- writing elem similarity file
2021-04-30 12:34:31,355 INFO     test_ai_mod.carbon_tasks.process_crawl_task -- generating and saving feature data for crawl
2021-04-30 12:34:31,355 INFO     test_ai_mod.carbon_tasks.generate_feature_data_task -- generating feature data for crawl: 20210430110653, app_id: 805ab2d0-1b98-4c86-af8c-1a247c26739f, build_id: 00e87c1e-5a12-4f5c-95fc-89f84d1f78a1
2021-04-30 12:34:31,355 INFO     test_ai_mod.carbon_tasks.generate_feature_data_task -- generating screen feature data
2021-04-30 12:34:31,913 INFO     test_ai_mod.carbon_tasks.generate_feature_data_task -- saving screen feature data
2021-04-30 12:34:31,915 INFO     test_ai_mod.carbon_tasks.process_crawl_task -- generating labeler objects file for crawl (v0)
2021-04-30 12:34:31,925 ERROR    test_ai_mod.carbon_tasks.labeler_objects_task -- elem not found: iter_00000_step_00000_39_div.png
2021-04-30 12:34:31,925 ERROR    test_ai_mod.carbon_tasks.labeler_objects_task -- elem not found: iter_00000_step_00000_50_div.png
2021-04-30 12:34:31,925 INFO     test_ai_mod.carbon_tasks.process_crawl_task -- reconciling screens labeled at runtime
2021-04-30 12:34:31,926 INFO     test_ai_mod.carbon_tasks.process_crawl_task -- reconciling elements labeled at runtime
2021-04-30 12:34:31,932 INFO     test_ai_mod.carbon_tasks.version_control_tasks -- processing screens and elements (crawl: 20210427191231)
2021-04-30 12:34:31,932 INFO     test_ai_mod.carbon_tasks.process_crawl_task -- processing crawl: 20210427191231 (app: 805ab2d0-1b98-4c86-af8c-1a247c26739f, build: 00e87c1e-5a12-4f5c-95fc-89f84d1f78a1)
2021-04-30 12:34:31,932 INFO     test_ai_mod.carbon_tasks.process_crawl_task -- processing screens for crawl
2021-04-30 12:34:32,627 INFO     werkzeug -- 127.0.0.1 - - [30/Apr/2021 12:34:32] "[37mGET /api/v2/status HTTP/1.1[0m" 200 -
2021-04-30 12:34:33,017 INFO     test_ai_mod.carbon_tasks.process_crawl_task -- writing unique screens file
2021-04-30 12:34:33,018 INFO     test_ai_mod.carbon_tasks.process_crawl_task -- writing screen hash map
2021-04-30 12:34:33,069 INFO     test_ai_mod.carbon_tasks.process_crawl_task -- writing screen similarity file
2021-04-30 12:34:33,070 INFO     test_ai_mod.carbon_tasks.process_crawl_task -- processing elements for crawl
2021-04-30 12:34:33,072 INFO     test_ai_mod.carbon_tasks.process_crawl_task -- processing: iter_00000_step_00017_info.json
2021-04-30 12:34:33,091 INFO     test_ai_mod.carbon_tasks.process_crawl_task -- processing: iter_00000_step_00003_info.json
2021-04-30 12:34:33,100 INFO     test_ai_mod.carbon_tasks.process_crawl_task -- processing: iter_00000_step_00022_info.json
2021-04-30 12:34:33,108 INFO     test_ai_mod.carbon_tasks.process_crawl_task -- processing: iter_00000_step_00024_info.json
2021-04-30 12:34:33,120 INFO     test_ai_mod.carbon_tasks.process_crawl_task -- processing: iter_00000_step_00011_info.json
2021-04-30 12:34:33,140 INFO     test_ai_mod.carbon_tasks.process_crawl_task -- processing: iter_00000_step_00005_info.json
2021-04-30 12:34:33,153 INFO     test_ai_mod.carbon_tasks.process_crawl_task -- processing: iter_00000_step_00008_info.json
2021-04-30 12:34:33,170 INFO     test_ai_mod.carbon_tasks.process_crawl_task -- processing: iter_00000_step_00002_info.json
2021-04-30 12:34:33,187 INFO     test_ai_mod.carbon_tasks.process_crawl_task -- processing: iter_00000_step_00016_info.json
2021-04-30 12:34:33,204 INFO     test_ai_mod.carbon_tasks.process_crawl_task -- processing: iter_00000_step_00023_info.json
2021-04-30 12:34:33,212 INFO     test_ai_mod.carbon_tasks.process_crawl_task -- processing: iter_00000_step_00025_info.json
2021-04-30 12:34:33,222 INFO     test_ai_mod.carbon_tasks.process_crawl_task -- processing: iter_00000_step_00004_info.json
2021-04-30 12:34:33,232 INFO     test_ai_mod.carbon_tasks.process_crawl_task -- processing: iter_00000_step_00010_info.json
2021-04-30 12:34:33,252 INFO     test_ai_mod.carbon_tasks.process_crawl_task -- processing: iter_00000_step_00028_info.json
2021-04-30 12:34:33,268 INFO     test_ai_mod.carbon_tasks.process_crawl_task -- processing: iter_00000_step_00009_info.json
2021-04-30 12:34:33,285 INFO     test_ai_mod.carbon_tasks.process_crawl_task -- processing: iter_00000_step_00020_info.json
2021-04-30 12:34:33,292 INFO     test_ai_mod.carbon_tasks.process_crawl_task -- processing: iter_00000_step_00015_info.json
2021-04-30 12:34:33,312 INFO     test_ai_mod.carbon_tasks.process_crawl_task -- processing: iter_00000_step_00001_info.json
2021-04-30 12:34:33,327 INFO     test_ai_mod.carbon_tasks.process_crawl_task -- processing: iter_00000_step_00018_info.json
2021-04-30 12:34:33,335 INFO     test_ai_mod.carbon_tasks.process_crawl_task -- processing: iter_00000_step_00013_info.json
2021-04-30 12:34:33,365 INFO     test_ai_mod.carbon_tasks.process_crawl_task -- processing: iter_00000_step_00007_info.json
2021-04-30 12:34:33,374 INFO     test_ai_mod.carbon_tasks.process_crawl_task -- processing: iter_00000_step_00026_info.json
2021-04-30 12:34:33,392 INFO     test_ai_mod.carbon_tasks.process_crawl_task -- processing: iter_00000_step_00021_info.json
2021-04-30 12:34:33,399 INFO     test_ai_mod.carbon_tasks.process_crawl_task -- processing: iter_00000_step_00000_info.json
2021-04-30 12:34:33,417 INFO     test_ai_mod.carbon_tasks.process_crawl_task -- processing: iter_00000_step_00014_info.json
2021-04-30 12:34:33,436 INFO     test_ai_mod.carbon_tasks.process_crawl_task -- processing: iter_00000_step_00019_info.json
2021-04-30 12:34:33,440 INFO     test_ai_mod.carbon_tasks.process_crawl_task -- processing: iter_00000_step_00006_info.json
2021-04-30 12:34:33,451 INFO     test_ai_mod.carbon_tasks.process_crawl_task -- processing: iter_00000_step_00012_info.json
2021-04-30 12:34:33,482 INFO     test_ai_mod.carbon_tasks.process_crawl_task -- processing: iter_00000_step_00027_info.json
2021-04-30 12:34:36,435 INFO     test_ai_mod.carbon_tasks.process_crawl_task -- Writing unique tags file.
2021-04-30 12:34:36,436 INFO     test_ai_mod.carbon_tasks.process_crawl_task -- writing unique elems file
2021-04-30 12:34:36,439 INFO     test_ai_mod.carbon_tasks.process_crawl_task -- writing elem hash map
2021-04-30 12:34:36,476 INFO     test_ai_mod.carbon_tasks.process_crawl_task -- writing elem similarity file
2021-04-30 12:34:36,481 INFO     test_ai_mod.carbon_tasks.process_crawl_task -- generating and saving feature data for crawl
2021-04-30 12:34:36,481 INFO     test_ai_mod.carbon_tasks.generate_feature_data_task -- generating feature data for crawl: 20210427191231, app_id: 805ab2d0-1b98-4c86-af8c-1a247c26739f, build_id: 00e87c1e-5a12-4f5c-95fc-89f84d1f78a1
2021-04-30 12:34:36,481 INFO     test_ai_mod.carbon_tasks.generate_feature_data_task -- generating screen feature data
2021-04-30 12:34:42,992 INFO     werkzeug -- 127.0.0.1 - - [30/Apr/2021 12:34:42] "[37mGET /c/testai/apps/web/805ab2d0-1b98-4c86-af8c-1a247c26739f/live_labeling HTTP/1.1[0m" 200 -
2021-04-30 12:34:44,263 INFO     werkzeug -- 127.0.0.1 - - [30/Apr/2021 12:34:44] "[37mGET /favicon.ico HTTP/1.1[0m" 200 -
2021-04-30 12:34:44,266 INFO     werkzeug -- 127.0.0.1 - - [30/Apr/2021 12:34:44] "[37mGET /api/v1/dashboard?slug=testai HTTP/1.1[0m" 200 -
2021-04-30 12:34:45,486 INFO     werkzeug -- 127.0.0.1 - - [30/Apr/2021 12:34:45] "[37mGET /api/v1/dashboard?slug=testai HTTP/1.1[0m" 200 -
2021-04-30 12:34:45,488 INFO     werkzeug -- 127.0.0.1 - - [30/Apr/2021 12:34:45] "[37mGET /api/v2/status HTTP/1.1[0m" 200 -
2021-04-30 12:34:45,699 INFO     test_ai_mod.carbon_tasks.generate_feature_data_task -- saving screen feature data
2021-04-30 12:34:45,713 INFO     test_ai_mod.carbon_tasks.process_crawl_task -- generating labeler objects file for crawl (v0)
2021-04-30 12:34:45,810 INFO     test_ai_mod.carbon_tasks.process_crawl_task -- reconciling screens labeled at runtime
2021-04-30 12:34:45,811 INFO     test_ai_mod.carbon_tasks.process_crawl_task -- reconciling elements labeled at runtime
2021-04-30 12:34:45,847 INFO     test_ai_mod.carbon_tasks.version_control_tasks -- processing screens and elements (crawl: 20210429031710)
2021-04-30 12:34:45,847 INFO     test_ai_mod.carbon_tasks.process_crawl_task -- processing crawl: 20210429031710 (app: 805ab2d0-1b98-4c86-af8c-1a247c26739f, build: 00e87c1e-5a12-4f5c-95fc-89f84d1f78a1)
2021-04-30 12:34:45,847 INFO     test_ai_mod.carbon_tasks.process_crawl_task -- processing screens for crawl
2021-04-30 12:34:46,108 INFO     test_ai_mod.carbon_tasks.process_crawl_task -- writing unique screens file
2021-04-30 12:34:46,109 INFO     test_ai_mod.carbon_tasks.process_crawl_task -- writing screen hash map
2021-04-30 12:34:46,172 INFO     test_ai_mod.carbon_tasks.process_crawl_task -- writing screen similarity file
2021-04-30 12:34:46,173 INFO     test_ai_mod.carbon_tasks.process_crawl_task -- processing elements for crawl
2021-04-30 12:34:46,178 INFO     test_ai_mod.carbon_tasks.process_crawl_task -- processing: iter_00000_step_00003_info.json
2021-04-30 12:34:46,219 INFO     test_ai_mod.carbon_tasks.process_crawl_task -- processing: iter_00000_step_00005_info.json
2021-04-30 12:34:46,271 INFO     test_ai_mod.carbon_tasks.process_crawl_task -- processing: iter_00000_step_00002_info.json
2021-04-30 12:34:46,321 INFO     test_ai_mod.carbon_tasks.process_crawl_task -- processing: iter_00000_step_00004_info.json
2021-04-30 12:34:46,361 INFO     test_ai_mod.carbon_tasks.process_crawl_task -- processing: iter_00000_step_00001_info.json
2021-04-30 12:34:46,402 INFO     test_ai_mod.carbon_tasks.process_crawl_task -- processing: iter_00000_step_00007_info.json
2021-04-30 12:34:46,441 INFO     test_ai_mod.carbon_tasks.process_crawl_task -- processing: iter_00000_step_00000_info.json
2021-04-30 12:34:46,482 INFO     test_ai_mod.carbon_tasks.process_crawl_task -- processing: iter_00000_step_00006_info.json
2021-04-30 12:34:47,550 INFO     werkzeug -- 127.0.0.1 - - [30/Apr/2021 12:34:47] "[37mGET /api/v2/status HTTP/1.1[0m" 200 -
2021-04-30 12:34:47,555 INFO     werkzeug -- 127.0.0.1 - - [30/Apr/2021 12:34:47] "[37mGET /favicon.ico HTTP/1.1[0m" 200 -
2021-04-30 12:34:47,587 INFO     werkzeug -- 127.0.0.1 - - [30/Apr/2021 12:34:47] "[36mGET /images/vapor/icon-download.svg HTTP/1.1[0m" 304 -
2021-04-30 12:34:48,431 INFO     test_ai_mod.carbon_tasks.process_crawl_task -- Writing unique tags file.
2021-04-30 12:34:48,431 INFO     test_ai_mod.carbon_tasks.process_crawl_task -- writing unique elems file
2021-04-30 12:34:48,435 INFO     test_ai_mod.carbon_tasks.process_crawl_task -- writing elem hash map
2021-04-30 12:34:48,493 INFO     test_ai_mod.carbon_tasks.process_crawl_task -- writing elem similarity file
2021-04-30 12:34:48,500 INFO     test_ai_mod.carbon_tasks.process_crawl_task -- generating and saving feature data for crawl
2021-04-30 12:34:48,500 INFO     test_ai_mod.carbon_tasks.generate_feature_data_task -- generating feature data for crawl: 20210429031710, app_id: 805ab2d0-1b98-4c86-af8c-1a247c26739f, build_id: 00e87c1e-5a12-4f5c-95fc-89f84d1f78a1
2021-04-30 12:34:48,500 INFO     test_ai_mod.carbon_tasks.generate_feature_data_task -- generating screen feature data
2021-04-30 12:34:52,731 INFO     test_ai_mod.carbon_tasks.generate_feature_data_task -- saving screen feature data
2021-04-30 12:34:52,737 INFO     test_ai_mod.carbon_tasks.process_crawl_task -- generating labeler objects file for crawl (v0)
2021-04-30 12:34:52,968 INFO     test_ai_mod.carbon_tasks.process_crawl_task -- reconciling screens labeled at runtime
2021-04-30 12:34:52,969 INFO     test_ai_mod.carbon_tasks.process_crawl_task -- reconciling elements labeled at runtime
2021-04-30 12:34:53,023 INFO     test_ai_mod.carbon_tasks.version_control_tasks -- processing screens and elements (crawl: 20210426183504)
2021-04-30 12:34:53,023 INFO     test_ai_mod.carbon_tasks.process_crawl_task -- processing crawl: 20210426183504 (app: 805ab2d0-1b98-4c86-af8c-1a247c26739f, build: 00e87c1e-5a12-4f5c-95fc-89f84d1f78a1)
2021-04-30 12:34:53,023 INFO     test_ai_mod.carbon_tasks.process_crawl_task -- processing screens for crawl
2021-04-30 12:34:53,206 INFO     test_ai_mod.carbon_tasks.process_crawl_task -- writing unique screens file
2021-04-30 12:34:53,207 INFO     test_ai_mod.carbon_tasks.process_crawl_task -- writing screen hash map
2021-04-30 12:34:53,213 INFO     test_ai_mod.carbon_tasks.process_crawl_task -- writing screen similarity file
2021-04-30 12:34:53,213 INFO     test_ai_mod.carbon_tasks.process_crawl_task -- processing elements for crawl
2021-04-30 12:34:53,216 INFO     test_ai_mod.carbon_tasks.process_crawl_task -- processing: iter_00000_step_00000_info.json
2021-04-30 12:34:53,488 INFO     test_ai_mod.carbon_tasks.process_crawl_task -- Writing unique tags file.
2021-04-30 12:34:53,489 INFO     test_ai_mod.carbon_tasks.process_crawl_task -- writing unique elems file
2021-04-30 12:34:53,489 INFO     test_ai_mod.carbon_tasks.process_crawl_task -- writing elem hash map
2021-04-30 12:34:53,496 INFO     test_ai_mod.carbon_tasks.process_crawl_task -- writing elem similarity file
2021-04-30 12:34:53,497 INFO     test_ai_mod.carbon_tasks.process_crawl_task -- generating and saving feature data for crawl
2021-04-30 12:34:53,497 INFO     test_ai_mod.carbon_tasks.generate_feature_data_task -- generating feature data for crawl: 20210426183504, app_id: 805ab2d0-1b98-4c86-af8c-1a247c26739f, build_id: 00e87c1e-5a12-4f5c-95fc-89f84d1f78a1
2021-04-30 12:34:53,497 INFO     test_ai_mod.carbon_tasks.generate_feature_data_task -- generating screen feature data
2021-04-30 12:34:53,994 INFO     test_ai_mod.carbon_tasks.generate_feature_data_task -- saving screen feature data
2021-04-30 12:34:53,996 INFO     test_ai_mod.carbon_tasks.process_crawl_task -- generating labeler objects file for crawl (v0)
2021-04-30 12:34:54,005 INFO     test_ai_mod.carbon_tasks.process_crawl_task -- reconciling screens labeled at runtime
2021-04-30 12:34:54,006 INFO     test_ai_mod.carbon_tasks.process_crawl_task -- reconciling elements labeled at runtime
2021-04-30 12:34:54,013 INFO     test_ai_mod.carbon_tasks.version_control_tasks -- processing screens and elements (crawl: 20210429024641)
2021-04-30 12:34:54,013 INFO     test_ai_mod.carbon_tasks.process_crawl_task -- processing crawl: 20210429024641 (app: 805ab2d0-1b98-4c86-af8c-1a247c26739f, build: 00e87c1e-5a12-4f5c-95fc-89f84d1f78a1)
2021-04-30 12:34:54,013 INFO     test_ai_mod.carbon_tasks.process_crawl_task -- processing screens for crawl
2021-04-30 12:34:54,247 INFO     test_ai_mod.carbon_tasks.process_crawl_task -- writing unique screens file
2021-04-30 12:34:54,248 INFO     test_ai_mod.carbon_tasks.process_crawl_task -- writing screen hash map
2021-04-30 12:34:54,265 INFO     werkzeug -- 127.0.0.1 - - [30/Apr/2021 12:34:54] "[31m[1mDELETE /api/v2/status HTTP/1.1[0m" 409 -
2021-04-30 12:34:54,282 INFO     test_ai_mod.carbon_tasks.process_crawl_task -- writing screen similarity file
2021-04-30 12:34:54,283 INFO     test_ai_mod.carbon_tasks.process_crawl_task -- processing elements for crawl
2021-04-30 12:34:54,292 INFO     test_ai_mod.carbon_tasks.process_crawl_task -- processing: iter_00000_step_00003_info.json
2021-04-30 12:34:54,351 INFO     test_ai_mod.carbon_tasks.process_crawl_task -- processing: iter_00000_step_00002_info.json
2021-04-30 12:34:54,403 INFO     test_ai_mod.carbon_tasks.process_crawl_task -- processing: iter_00000_step_00001_info.json
2021-04-30 12:34:54,447 INFO     test_ai_mod.carbon_tasks.process_crawl_task -- processing: iter_00000_step_00000_info.json
2021-04-30 12:34:55,473 INFO     test_ai_mod.carbon_tasks.process_crawl_task -- Writing unique tags file.
2021-04-30 12:34:55,474 INFO     test_ai_mod.carbon_tasks.process_crawl_task -- writing unique elems file
2021-04-30 12:34:55,477 INFO     test_ai_mod.carbon_tasks.process_crawl_task -- writing elem hash map
2021-04-30 12:34:55,496 INFO     test_ai_mod.carbon_tasks.process_crawl_task -- writing elem similarity file
2021-04-30 12:34:55,499 INFO     test_ai_mod.carbon_tasks.process_crawl_task -- generating and saving feature data for crawl
2021-04-30 12:34:55,499 INFO     test_ai_mod.carbon_tasks.generate_feature_data_task -- generating feature data for crawl: 20210429024641, app_id: 805ab2d0-1b98-4c86-af8c-1a247c26739f, build_id: 00e87c1e-5a12-4f5c-95fc-89f84d1f78a1
2021-04-30 12:34:55,499 INFO     test_ai_mod.carbon_tasks.generate_feature_data_task -- generating screen feature data
2021-04-30 12:34:57,763 INFO     test_ai_mod.carbon_tasks.generate_feature_data_task -- saving screen feature data
2021-04-30 12:34:57,767 INFO     test_ai_mod.carbon_tasks.process_crawl_task -- generating labeler objects file for crawl (v0)
2021-04-30 12:34:57,830 INFO     test_ai_mod.carbon_tasks.process_crawl_task -- reconciling screens labeled at runtime
2021-04-30 12:34:57,831 INFO     test_ai_mod.carbon_tasks.process_crawl_task -- reconciling elements labeled at runtime
2021-04-30 12:34:57,852 INFO     test_ai_mod.carbon_tasks.version_control_tasks -- processing screens and elements (crawl: 20210429012633)
2021-04-30 12:34:57,852 INFO     test_ai_mod.carbon_tasks.process_crawl_task -- processing crawl: 20210429012633 (app: 805ab2d0-1b98-4c86-af8c-1a247c26739f, build: 00e87c1e-5a12-4f5c-95fc-89f84d1f78a1)
2021-04-30 12:34:57,852 INFO     test_ai_mod.carbon_tasks.process_crawl_task -- processing screens for crawl
2021-04-30 12:34:58,089 INFO     test_ai_mod.carbon_tasks.process_crawl_task -- writing unique screens file
2021-04-30 12:34:58,089 INFO     test_ai_mod.carbon_tasks.process_crawl_task -- writing screen hash map
2021-04-30 12:34:58,095 INFO     test_ai_mod.carbon_tasks.process_crawl_task -- writing screen similarity file
2021-04-30 12:34:58,095 INFO     test_ai_mod.carbon_tasks.process_crawl_task -- processing elements for crawl
2021-04-30 12:34:58,096 INFO     test_ai_mod.carbon_tasks.process_crawl_task -- processing: iter_00000_step_00003_info.json
2021-04-30 12:34:58,099 INFO     test_ai_mod.carbon_tasks.process_crawl_task -- processing: iter_00000_step_00005_info.json
2021-04-30 12:34:58,102 INFO     test_ai_mod.carbon_tasks.process_crawl_task -- processing: iter_00000_step_00002_info.json
2021-04-30 12:34:58,109 INFO     test_ai_mod.carbon_tasks.process_crawl_task -- processing: iter_00000_step_00004_info.json
2021-04-30 12:34:58,111 INFO     test_ai_mod.carbon_tasks.process_crawl_task -- processing: iter_00000_step_00001_info.json
2021-04-30 12:34:58,115 INFO     test_ai_mod.carbon_tasks.process_crawl_task -- processing: iter_00000_step_00000_info.json
2021-04-30 12:34:58,739 INFO     test_ai_mod.carbon_tasks.process_crawl_task -- Writing unique tags file.
2021-04-30 12:34:58,740 INFO     test_ai_mod.carbon_tasks.process_crawl_task -- writing unique elems file
2021-04-30 12:34:58,741 INFO     test_ai_mod.carbon_tasks.process_crawl_task -- writing elem hash map
2021-04-30 12:34:58,754 INFO     test_ai_mod.carbon_tasks.process_crawl_task -- writing elem similarity file
2021-04-30 12:34:58,756 INFO     test_ai_mod.carbon_tasks.process_crawl_task -- generating and saving feature data for crawl
2021-04-30 12:34:58,756 INFO     test_ai_mod.carbon_tasks.generate_feature_data_task -- generating feature data for crawl: 20210429012633, app_id: 805ab2d0-1b98-4c86-af8c-1a247c26739f, build_id: 00e87c1e-5a12-4f5c-95fc-89f84d1f78a1
2021-04-30 12:34:58,756 INFO     test_ai_mod.carbon_tasks.generate_feature_data_task -- generating screen feature data
2021-04-30 12:35:00,229 INFO     werkzeug -- 127.0.0.1 - - [30/Apr/2021 12:35:00] "[37mGET /api/v2/status HTTP/1.1[0m" 200 -
2021-04-30 12:35:00,280 INFO     werkzeug -- 127.0.0.1 - - [30/Apr/2021 12:35:00] "[31m[1mDELETE /api/v2/status HTTP/1.1[0m" 409 -
2021-04-30 12:35:00,290 INFO     test_ai_mod.carbon_tasks.generate_feature_data_task -- saving screen feature data
2021-04-30 12:35:00,292 INFO     test_ai_mod.carbon_tasks.process_crawl_task -- generating labeler objects file for crawl (v0)
2021-04-30 12:35:00,308 INFO     test_ai_mod.carbon_tasks.process_crawl_task -- reconciling screens labeled at runtime
2021-04-30 12:35:00,309 INFO     test_ai_mod.carbon_tasks.process_crawl_task -- reconciling elements labeled at runtime
2021-04-30 12:35:00,322 INFO     test_ai_mod.carbon_tasks.version_control_tasks -- processing screens and elements (crawl: 20210428231414)
2021-04-30 12:35:00,322 INFO     test_ai_mod.carbon_tasks.process_crawl_task -- processing crawl: 20210428231414 (app: 805ab2d0-1b98-4c86-af8c-1a247c26739f, build: 00e87c1e-5a12-4f5c-95fc-89f84d1f78a1)
2021-04-30 12:35:00,322 INFO     test_ai_mod.carbon_tasks.process_crawl_task -- processing screens for crawl
2021-04-30 12:35:00,459 INFO     test_ai_mod.carbon_tasks.process_crawl_task -- writing unique screens file
2021-04-30 12:35:00,459 INFO     test_ai_mod.carbon_tasks.process_crawl_task -- writing screen hash map
2021-04-30 12:35:00,464 INFO     test_ai_mod.carbon_tasks.process_crawl_task -- writing screen similarity file
2021-04-30 12:35:00,464 INFO     test_ai_mod.carbon_tasks.process_crawl_task -- processing elements for crawl
2021-04-30 12:35:00,466 INFO     test_ai_mod.carbon_tasks.process_crawl_task -- processing: iter_00000_step_00000_info.json
2021-04-30 12:35:00,671 INFO     test_ai_mod.carbon_tasks.process_crawl_task -- Writing unique tags file.
2021-04-30 12:35:00,671 INFO     test_ai_mod.carbon_tasks.process_crawl_task -- writing unique elems file
2021-04-30 12:35:00,672 INFO     test_ai_mod.carbon_tasks.process_crawl_task -- writing elem hash map
2021-04-30 12:35:00,679 INFO     test_ai_mod.carbon_tasks.process_crawl_task -- writing elem similarity file
2021-04-30 12:35:00,681 INFO     test_ai_mod.carbon_tasks.process_crawl_task -- generating and saving feature data for crawl
2021-04-30 12:35:00,681 INFO     test_ai_mod.carbon_tasks.generate_feature_data_task -- generating feature data for crawl: 20210428231414, app_id: 805ab2d0-1b98-4c86-af8c-1a247c26739f, build_id: 00e87c1e-5a12-4f5c-95fc-89f84d1f78a1
2021-04-30 12:35:00,682 INFO     test_ai_mod.carbon_tasks.generate_feature_data_task -- generating screen feature data
2021-04-30 12:35:01,251 INFO     test_ai_mod.carbon_tasks.generate_feature_data_task -- saving screen feature data
2021-04-30 12:35:01,252 INFO     test_ai_mod.carbon_tasks.process_crawl_task -- generating labeler objects file for crawl (v0)
2021-04-30 12:35:01,261 INFO     test_ai_mod.carbon_tasks.process_crawl_task -- reconciling screens labeled at runtime
2021-04-30 12:35:01,262 INFO     test_ai_mod.carbon_tasks.process_crawl_task -- reconciling elements labeled at runtime
2021-04-30 12:35:01,270 INFO     test_ai_mod.carbon_tasks.version_control_tasks -- processing screens and elements (crawl: 20210427212848)
2021-04-30 12:35:01,270 INFO     test_ai_mod.carbon_tasks.process_crawl_task -- processing crawl: 20210427212848 (app: 805ab2d0-1b98-4c86-af8c-1a247c26739f, build: 00e87c1e-5a12-4f5c-95fc-89f84d1f78a1)
2021-04-30 12:35:01,270 INFO     test_ai_mod.carbon_tasks.process_crawl_task -- processing screens for crawl
2021-04-30 12:35:01,845 INFO     test_ai_mod.carbon_tasks.process_crawl_task -- writing unique screens file
2021-04-30 12:35:01,845 INFO     test_ai_mod.carbon_tasks.process_crawl_task -- writing screen hash map
2021-04-30 12:35:01,867 INFO     test_ai_mod.carbon_tasks.process_crawl_task -- writing screen similarity file
2021-04-30 12:35:01,868 INFO     test_ai_mod.carbon_tasks.process_crawl_task -- processing elements for crawl
2021-04-30 12:35:01,869 INFO     test_ai_mod.carbon_tasks.process_crawl_task -- processing: iter_00000_step_00017_info.json
2021-04-30 12:35:01,883 INFO     test_ai_mod.carbon_tasks.process_crawl_task -- processing: iter_00000_step_00003_info.json
2021-04-30 12:35:01,891 INFO     test_ai_mod.carbon_tasks.process_crawl_task -- processing: iter_00000_step_00011_info.json
2021-04-30 12:35:01,901 INFO     test_ai_mod.carbon_tasks.process_crawl_task -- processing: iter_00000_step_00005_info.json
2021-04-30 12:35:01,910 INFO     test_ai_mod.carbon_tasks.process_crawl_task -- processing: iter_00000_step_00008_info.json
2021-04-30 12:35:01,921 INFO     test_ai_mod.carbon_tasks.process_crawl_task -- processing: iter_00000_step_00002_info.json
2021-04-30 12:35:01,936 INFO     test_ai_mod.carbon_tasks.process_crawl_task -- processing: iter_00000_step_00016_info.json
2021-04-30 12:35:01,944 INFO     test_ai_mod.carbon_tasks.process_crawl_task -- processing: iter_00000_step_00004_info.json
2021-04-30 12:35:01,951 INFO     test_ai_mod.carbon_tasks.process_crawl_task -- processing: iter_00000_step_00010_info.json
2021-04-30 12:35:01,954 INFO     test_ai_mod.carbon_tasks.process_crawl_task -- processing: iter_00000_step_00009_info.json
2021-04-30 12:35:01,958 INFO     test_ai_mod.carbon_tasks.process_crawl_task -- processing: iter_00000_step_00015_info.json
2021-04-30 12:35:01,966 INFO     test_ai_mod.carbon_tasks.process_crawl_task -- processing: iter_00000_step_00001_info.json
2021-04-30 12:35:01,982 INFO     test_ai_mod.carbon_tasks.process_crawl_task -- processing: iter_00000_step_00013_info.json
2021-04-30 12:35:01,989 INFO     test_ai_mod.carbon_tasks.process_crawl_task -- processing: iter_00000_step_00007_info.json
2021-04-30 12:35:01,997 INFO     test_ai_mod.carbon_tasks.process_crawl_task -- processing: iter_00000_step_00000_info.json
2021-04-30 12:35:02,013 INFO     test_ai_mod.carbon_tasks.process_crawl_task -- processing: iter_00000_step_00014_info.json
2021-04-30 12:35:02,021 INFO     test_ai_mod.carbon_tasks.process_crawl_task -- processing: iter_00000_step_00006_info.json
2021-04-30 12:35:02,028 INFO     test_ai_mod.carbon_tasks.process_crawl_task -- processing: iter_00000_step_00012_info.json
2021-04-30 12:35:03,498 INFO     test_ai_mod.carbon_tasks.process_crawl_task -- Writing unique tags file.
2021-04-30 12:35:03,499 INFO     test_ai_mod.carbon_tasks.process_crawl_task -- writing unique elems file
2021-04-30 12:35:03,500 INFO     test_ai_mod.carbon_tasks.process_crawl_task -- writing elem hash map
2021-04-30 12:35:03,516 INFO     test_ai_mod.carbon_tasks.process_crawl_task -- writing elem similarity file
2021-04-30 12:35:03,518 INFO     test_ai_mod.carbon_tasks.process_crawl_task -- generating and saving feature data for crawl
2021-04-30 12:35:03,518 INFO     test_ai_mod.carbon_tasks.generate_feature_data_task -- generating feature data for crawl: 20210427212848, app_id: 805ab2d0-1b98-4c86-af8c-1a247c26739f, build_id: 00e87c1e-5a12-4f5c-95fc-89f84d1f78a1
2021-04-30 12:35:03,519 INFO     test_ai_mod.carbon_tasks.generate_feature_data_task -- generating screen feature data
2021-04-30 12:35:06,347 INFO     test_ai_mod.carbon_tasks.generate_feature_data_task -- saving screen feature data
2021-04-30 12:35:06,355 INFO     test_ai_mod.carbon_tasks.process_crawl_task -- generating labeler objects file for crawl (v0)
2021-04-30 12:35:06,394 INFO     test_ai_mod.carbon_tasks.process_crawl_task -- reconciling screens labeled at runtime
2021-04-30 12:35:06,395 INFO     test_ai_mod.carbon_tasks.process_crawl_task -- reconciling elements labeled at runtime
2021-04-30 12:35:06,410 INFO     test_ai_mod.carbon_tasks.version_control_tasks -- processing screens and elements (crawl: 20210427203702)
2021-04-30 12:35:06,410 INFO     test_ai_mod.carbon_tasks.process_crawl_task -- processing crawl: 20210427203702 (app: 805ab2d0-1b98-4c86-af8c-1a247c26739f, build: 00e87c1e-5a12-4f5c-95fc-89f84d1f78a1)
2021-04-30 12:35:06,410 INFO     test_ai_mod.carbon_tasks.process_crawl_task -- processing screens for crawl
2021-04-30 12:35:06,988 INFO     test_ai_mod.carbon_tasks.process_crawl_task -- writing unique screens file
2021-04-30 12:35:06,989 INFO     test_ai_mod.carbon_tasks.process_crawl_task -- writing screen hash map
2021-04-30 12:35:07,022 INFO     test_ai_mod.carbon_tasks.process_crawl_task -- writing screen similarity file
2021-04-30 12:35:07,023 INFO     test_ai_mod.carbon_tasks.process_crawl_task -- processing elements for crawl
2021-04-30 12:35:07,026 INFO     test_ai_mod.carbon_tasks.process_crawl_task -- processing: iter_00000_step_00017_info.json
2021-04-30 12:35:07,037 INFO     test_ai_mod.carbon_tasks.process_crawl_task -- processing: iter_00000_step_00003_info.json
2021-04-30 12:35:07,046 INFO     test_ai_mod.carbon_tasks.process_crawl_task -- processing: iter_00000_step_00011_info.json
2021-04-30 12:35:07,059 INFO     test_ai_mod.carbon_tasks.process_crawl_task -- processing: iter_00000_step_00005_info.json
2021-04-30 12:35:07,071 INFO     test_ai_mod.carbon_tasks.process_crawl_task -- processing: iter_00000_step_00008_info.json
2021-04-30 12:35:07,083 INFO     test_ai_mod.carbon_tasks.process_crawl_task -- processing: iter_00000_step_00002_info.json
2021-04-30 12:35:07,091 INFO     test_ai_mod.carbon_tasks.process_crawl_task -- processing: iter_00000_step_00016_info.json
2021-04-30 12:35:07,104 INFO     test_ai_mod.carbon_tasks.process_crawl_task -- processing: iter_00000_step_00004_info.json
2021-04-30 12:35:07,117 INFO     test_ai_mod.carbon_tasks.process_crawl_task -- processing: iter_00000_step_00010_info.json
2021-04-30 12:35:07,129 INFO     test_ai_mod.carbon_tasks.process_crawl_task -- processing: iter_00000_step_00009_info.json
2021-04-30 12:35:07,140 INFO     test_ai_mod.carbon_tasks.process_crawl_task -- processing: iter_00000_step_00015_info.json
2021-04-30 12:35:07,154 INFO     test_ai_mod.carbon_tasks.process_crawl_task -- processing: iter_00000_step_00001_info.json
2021-04-30 12:35:07,173 INFO     test_ai_mod.carbon_tasks.process_crawl_task -- processing: iter_00000_step_00018_info.json
2021-04-30 12:35:07,188 INFO     werkzeug -- 127.0.0.1 - - [30/Apr/2021 12:35:07] "[31m[1mDELETE /api/v2/status HTTP/1.1[0m" 409 -
2021-04-30 12:35:07,191 INFO     test_ai_mod.carbon_tasks.process_crawl_task -- processing: iter_00000_step_00013_info.json
2021-04-30 12:35:07,205 INFO     test_ai_mod.carbon_tasks.process_crawl_task -- processing: iter_00000_step_00007_info.json
2021-04-30 12:35:07,218 INFO     test_ai_mod.carbon_tasks.process_crawl_task -- processing: iter_00000_step_00000_info.json
2021-04-30 12:35:07,235 INFO     test_ai_mod.carbon_tasks.process_crawl_task -- processing: iter_00000_step_00014_info.json
2021-04-30 12:35:07,249 INFO     test_ai_mod.carbon_tasks.process_crawl_task -- processing: iter_00000_step_00006_info.json
2021-04-30 12:35:07,264 INFO     test_ai_mod.carbon_tasks.process_crawl_task -- processing: iter_00000_step_00012_info.json
2021-04-30 12:35:09,174 INFO     test_ai_mod.carbon_tasks.process_crawl_task -- Writing unique tags file.
2021-04-30 12:35:09,175 INFO     test_ai_mod.carbon_tasks.process_crawl_task -- writing unique elems file
2021-04-30 12:35:09,178 INFO     test_ai_mod.carbon_tasks.process_crawl_task -- writing elem hash map
2021-04-30 12:35:09,216 INFO     test_ai_mod.carbon_tasks.process_crawl_task -- writing elem similarity file
2021-04-30 12:35:09,220 INFO     test_ai_mod.carbon_tasks.process_crawl_task -- generating and saving feature data for crawl
2021-04-30 12:35:09,220 INFO     test_ai_mod.carbon_tasks.generate_feature_data_task -- generating feature data for crawl: 20210427203702, app_id: 805ab2d0-1b98-4c86-af8c-1a247c26739f, build_id: 00e87c1e-5a12-4f5c-95fc-89f84d1f78a1
2021-04-30 12:35:09,221 INFO     test_ai_mod.carbon_tasks.generate_feature_data_task -- generating screen feature data
2021-04-30 12:35:12,410 INFO     test_ai_mod.carbon_tasks.generate_feature_data_task -- saving screen feature data
2021-04-30 12:35:12,420 INFO     test_ai_mod.carbon_tasks.process_crawl_task -- generating labeler objects file for crawl (v0)
2021-04-30 12:35:12,503 INFO     test_ai_mod.carbon_tasks.process_crawl_task -- reconciling screens labeled at runtime
2021-04-30 12:35:12,504 INFO     test_ai_mod.carbon_tasks.process_crawl_task -- reconciling elements labeled at runtime
2021-04-30 12:35:12,539 INFO     test_ai_mod.carbon_tasks.version_control_tasks -- processing screens and elements (crawl: 20210429022655)
2021-04-30 12:35:12,539 INFO     test_ai_mod.carbon_tasks.process_crawl_task -- processing crawl: 20210429022655 (app: 805ab2d0-1b98-4c86-af8c-1a247c26739f, build: 00e87c1e-5a12-4f5c-95fc-89f84d1f78a1)
2021-04-30 12:35:12,539 INFO     test_ai_mod.carbon_tasks.process_crawl_task -- processing screens for crawl
2021-04-30 12:35:12,690 INFO     test_ai_mod.carbon_tasks.process_crawl_task -- writing unique screens file
2021-04-30 12:35:12,691 INFO     test_ai_mod.carbon_tasks.process_crawl_task -- writing screen hash map
2021-04-30 12:35:12,697 INFO     test_ai_mod.carbon_tasks.process_crawl_task -- writing screen similarity file
2021-04-30 12:35:12,698 INFO     test_ai_mod.carbon_tasks.process_crawl_task -- processing elements for crawl
2021-04-30 12:35:12,702 INFO     test_ai_mod.carbon_tasks.process_crawl_task -- processing: iter_00000_step_00007_info.json
2021-04-30 12:35:13,174 INFO     test_ai_mod.carbon_tasks.process_crawl_task -- Writing unique tags file.
2021-04-30 12:35:13,176 INFO     test_ai_mod.carbon_tasks.process_crawl_task -- writing unique elems file
2021-04-30 12:35:13,177 INFO     test_ai_mod.carbon_tasks.process_crawl_task -- writing elem hash map
2021-04-30 12:35:13,194 INFO     test_ai_mod.carbon_tasks.process_crawl_task -- writing elem similarity file
2021-04-30 12:35:13,196 INFO     test_ai_mod.carbon_tasks.process_crawl_task -- generating and saving feature data for crawl
2021-04-30 12:35:13,196 INFO     test_ai_mod.carbon_tasks.generate_feature_data_task -- generating feature data for crawl: 20210429022655, app_id: 805ab2d0-1b98-4c86-af8c-1a247c26739f, build_id: 00e87c1e-5a12-4f5c-95fc-89f84d1f78a1
2021-04-30 12:35:13,196 INFO     test_ai_mod.carbon_tasks.generate_feature_data_task -- generating screen feature data
2021-04-30 12:35:13,917 INFO     test_ai_mod.carbon_tasks.generate_feature_data_task -- saving screen feature data
2021-04-30 12:35:13,918 INFO     test_ai_mod.carbon_tasks.process_crawl_task -- generating labeler objects file for crawl (v0)
2021-04-30 12:35:13,941 INFO     test_ai_mod.carbon_tasks.process_crawl_task -- reconciling screens labeled at runtime
2021-04-30 12:35:13,941 INFO     test_ai_mod.carbon_tasks.process_crawl_task -- reconciling elements labeled at runtime
2021-04-30 12:35:13,955 INFO     test_ai_mod.carbon_tasks.version_control_tasks -- processing screens and elements (crawl: 20210429021229)
2021-04-30 12:35:13,955 INFO     test_ai_mod.carbon_tasks.process_crawl_task -- processing crawl: 20210429021229 (app: 805ab2d0-1b98-4c86-af8c-1a247c26739f, build: 00e87c1e-5a12-4f5c-95fc-89f84d1f78a1)
2021-04-30 12:35:13,955 INFO     test_ai_mod.carbon_tasks.process_crawl_task -- processing screens for crawl
2021-04-30 12:35:14,094 INFO     test_ai_mod.carbon_tasks.process_crawl_task -- writing unique screens file
2021-04-30 12:35:14,094 INFO     test_ai_mod.carbon_tasks.process_crawl_task -- writing screen hash map
2021-04-30 12:35:14,102 INFO     test_ai_mod.carbon_tasks.process_crawl_task -- writing screen similarity file
2021-04-30 12:35:14,102 INFO     test_ai_mod.carbon_tasks.process_crawl_task -- processing elements for crawl
2021-04-30 12:35:14,107 INFO     test_ai_mod.carbon_tasks.process_crawl_task -- processing: iter_00000_step_00007_info.json
2021-04-30 12:35:14,319 INFO     werkzeug -- 127.0.0.1 - - [30/Apr/2021 12:35:14] "[37mGET /api/v2/status HTTP/1.1[0m" 200 -
2021-04-30 12:35:14,577 INFO     test_ai_mod.carbon_tasks.process_crawl_task -- Writing unique tags file.
2021-04-30 12:35:14,579 INFO     test_ai_mod.carbon_tasks.process_crawl_task -- writing unique elems file
2021-04-30 12:35:14,581 INFO     test_ai_mod.carbon_tasks.process_crawl_task -- writing elem hash map
2021-04-30 12:35:14,597 INFO     test_ai_mod.carbon_tasks.process_crawl_task -- writing elem similarity file
2021-04-30 12:35:14,599 INFO     test_ai_mod.carbon_tasks.process_crawl_task -- generating and saving feature data for crawl
2021-04-30 12:35:14,599 INFO     test_ai_mod.carbon_tasks.generate_feature_data_task -- generating feature data for crawl: 20210429021229, app_id: 805ab2d0-1b98-4c86-af8c-1a247c26739f, build_id: 00e87c1e-5a12-4f5c-95fc-89f84d1f78a1
2021-04-30 12:35:14,600 INFO     test_ai_mod.carbon_tasks.generate_feature_data_task -- generating screen feature data
2021-04-30 12:35:15,381 INFO     test_ai_mod.carbon_tasks.generate_feature_data_task -- saving screen feature data
2021-04-30 12:35:15,382 INFO     test_ai_mod.carbon_tasks.process_crawl_task -- generating labeler objects file for crawl (v0)
2021-04-30 12:35:15,405 INFO     test_ai_mod.carbon_tasks.process_crawl_task -- reconciling screens labeled at runtime
2021-04-30 12:35:15,406 INFO     test_ai_mod.carbon_tasks.process_crawl_task -- reconciling elements labeled at runtime
2021-04-30 12:35:15,422 INFO     test_ai_mod.carbon_dao.local_carbon_dao -- Getting build info: APP_ID: 805ab2d0-1b98-4c86-af8c-1a247c26739f, BUILD_ID: 00e87c1e-5a12-4f5c-95fc-89f84d1f78a1
2021-04-30 12:35:15,422 INFO     test_ai_mod.carbon_tasks.process_crawl_task -- processing crawl: 20210430123339 (app: 805ab2d0-1b98-4c86-af8c-1a247c26739f, build: 00e87c1e-5a12-4f5c-95fc-89f84d1f78a1)
2021-04-30 12:35:15,423 INFO     test_ai_mod.carbon_tasks.process_crawl_task -- processing screens for crawl
2021-04-30 12:35:15,588 INFO     test_ai_mod.carbon_tasks.process_crawl_task -- writing unique screens file
2021-04-30 12:35:15,589 INFO     test_ai_mod.carbon_tasks.process_crawl_task -- writing screen hash map
2021-04-30 12:35:15,591 INFO     test_ai_mod.carbon_tasks.process_crawl_task -- writing screen similarity file
2021-04-30 12:35:15,591 INFO     test_ai_mod.carbon_tasks.process_crawl_task -- processing elements for crawl
2021-04-30 12:35:15,593 INFO     test_ai_mod.carbon_tasks.process_crawl_task -- skipping already processed: iter_00000_step_00000_info.json
2021-04-30 12:35:15,647 INFO     test_ai_mod.carbon_tasks.process_crawl_task -- Writing unique tags file.
2021-04-30 12:35:15,648 INFO     test_ai_mod.carbon_tasks.process_crawl_task -- writing unique elems file
2021-04-30 12:35:15,648 INFO     test_ai_mod.carbon_tasks.process_crawl_task -- writing elem hash map
2021-04-30 12:35:15,655 INFO     test_ai_mod.carbon_tasks.process_crawl_task -- writing elem similarity file
2021-04-30 12:35:15,656 INFO     test_ai_mod.carbon_tasks.process_crawl_task -- generating and saving feature data for crawl
2021-04-30 12:35:15,656 INFO     test_ai_mod.carbon_tasks.generate_feature_data_task -- generating feature data for crawl: 20210430123339, app_id: 805ab2d0-1b98-4c86-af8c-1a247c26739f, build_id: 00e87c1e-5a12-4f5c-95fc-89f84d1f78a1
2021-04-30 12:35:15,656 INFO     test_ai_mod.carbon_tasks.generate_feature_data_task -- generating screen feature data
2021-04-30 12:35:16,197 INFO     test_ai_mod.carbon_tasks.generate_feature_data_task -- saving screen feature data
2021-04-30 12:35:16,198 INFO     test_ai_mod.carbon_tasks.process_crawl_task -- generating labeler objects file for crawl (v0)
2021-04-30 12:35:16,208 ERROR    test_ai_mod.carbon_tasks.labeler_objects_task -- elem not found: iter_00000_step_00000_39_div.png
2021-04-30 12:35:16,208 INFO     test_ai_mod.carbon_tasks.process_crawl_task -- reconciling screens labeled at runtime
2021-04-30 12:35:16,209 INFO     test_ai_mod.carbon_tasks.process_crawl_task -- reconciling elements labeled at runtime
2021-04-30 12:35:16,215 INFO     test_ai_mod.carbon_tasks.generate_auto_labels_task -- generating auto labels for crawl: 20210430123339, app_id: 805ab2d0-1b98-4c86-af8c-1a247c26739f, build_id: 00e87c1e-5a12-4f5c-95fc-89f84d1f78a1
2021-04-30 12:35:16,216 INFO     test_ai_mod.carbon_dao.local_carbon_dao -- Getting build info: APP_ID: 805ab2d0-1b98-4c86-af8c-1a247c26739f, BUILD_ID: 00e87c1e-5a12-4f5c-95fc-89f84d1f78a1
2021-04-30 12:35:16,217 INFO     test_ai_mod.carbon_dao.local_carbon_dao -- Getting build info: APP_ID: 805ab2d0-1b98-4c86-af8c-1a247c26739f, BUILD_ID: 00e87c1e-5a12-4f5c-95fc-89f84d1f78a1
2021-04-30 12:35:16,218 INFO     test_ai_mod.carbon_dao.local_carbon_dao -- Getting build info: APP_ID: 805ab2d0-1b98-4c86-af8c-1a247c26739f, BUILD_ID: 00e87c1e-5a12-4f5c-95fc-89f84d1f78a1
2021-04-30 12:35:16,219 INFO     test_ai_mod.carbon_dao.local_carbon_dao -- Getting build info: APP_ID: 805ab2d0-1b98-4c86-af8c-1a247c26739f, BUILD_ID: 00e87c1e-5a12-4f5c-95fc-89f84d1f78a1
2021-04-30 12:35:16,220 INFO     test_ai_mod.carbon_dao.local_carbon_dao -- Getting build info: APP_ID: 805ab2d0-1b98-4c86-af8c-1a247c26739f, BUILD_ID: 00e87c1e-5a12-4f5c-95fc-89f84d1f78a1
2021-04-30 12:35:16,220 INFO     test_ai_mod.carbon_dao.local_carbon_dao -- Getting build info: APP_ID: 805ab2d0-1b98-4c86-af8c-1a247c26739f, BUILD_ID: 00e87c1e-5a12-4f5c-95fc-89f84d1f78a1
2021-04-30 12:35:16,221 INFO     test_ai_mod.carbon_dao.local_carbon_dao -- Getting build info: APP_ID: 805ab2d0-1b98-4c86-af8c-1a247c26739f, BUILD_ID: 00e87c1e-5a12-4f5c-95fc-89f84d1f78a1
2021-04-30 12:35:16,222 INFO     test_ai_mod.carbon_dao.local_carbon_dao -- Getting build info: APP_ID: 805ab2d0-1b98-4c86-af8c-1a247c26739f, BUILD_ID: 00e87c1e-5a12-4f5c-95fc-89f84d1f78a1
2021-04-30 12:35:16,222 INFO     test_ai_mod.carbon_dao.local_carbon_dao -- Getting build info: APP_ID: 805ab2d0-1b98-4c86-af8c-1a247c26739f, BUILD_ID: 00e87c1e-5a12-4f5c-95fc-89f84d1f78a1
2021-04-30 12:35:16,223 INFO     test_ai_mod.carbon_dao.local_carbon_dao -- Getting build info: APP_ID: 805ab2d0-1b98-4c86-af8c-1a247c26739f, BUILD_ID: 00e87c1e-5a12-4f5c-95fc-89f84d1f78a1
2021-04-30 12:35:16,223 INFO     test_ai_mod.carbon_dao.local_carbon_dao -- Getting build info: APP_ID: 805ab2d0-1b98-4c86-af8c-1a247c26739f, BUILD_ID: 00e87c1e-5a12-4f5c-95fc-89f84d1f78a1
2021-04-30 12:35:16,224 INFO     test_ai_mod.carbon_dao.local_carbon_dao -- Getting build info: APP_ID: 805ab2d0-1b98-4c86-af8c-1a247c26739f, BUILD_ID: 00e87c1e-5a12-4f5c-95fc-89f84d1f78a1
2021-04-30 12:35:16,225 INFO     test_ai_mod.carbon_dao.local_carbon_dao -- Getting build info: APP_ID: 805ab2d0-1b98-4c86-af8c-1a247c26739f, BUILD_ID: 00e87c1e-5a12-4f5c-95fc-89f84d1f78a1
2021-04-30 12:35:16,225 INFO     test_ai_mod.carbon_dao.local_carbon_dao -- Getting build info: APP_ID: 805ab2d0-1b98-4c86-af8c-1a247c26739f, BUILD_ID: 00e87c1e-5a12-4f5c-95fc-89f84d1f78a1
2021-04-30 12:35:16,364 INFO     test_ai_mod.carbon_tasks.generate_auto_labels_task -- writing merged, suggested labels to file: /Users/bot/test_ai/apps/805ab2d0-1b98-4c86-af8c-1a247c26739f/builds/00e87c1e-5a12-4f5c-95fc-89f84d1f78a1/crawls/20210430110653/labels/suggested_labels.json
2021-04-30 12:35:16,401 INFO     test_ai_mod.carbon_tasks.generate_auto_labels_task -- writing merged, suggested labels to file: /Users/bot/test_ai/apps/805ab2d0-1b98-4c86-af8c-1a247c26739f/builds/00e87c1e-5a12-4f5c-95fc-89f84d1f78a1/crawls/20210428232212/labels/suggested_labels.json
2021-04-30 12:35:16,401 INFO     test_ai_mod.carbon_tasks.generate_auto_labels_task -- writing merged, suggested labels to file: /Users/bot/test_ai/apps/805ab2d0-1b98-4c86-af8c-1a247c26739f/builds/00e87c1e-5a12-4f5c-95fc-89f84d1f78a1/crawls/20210426183504/labels/suggested_labels.json
2021-04-30 12:35:16,405 INFO     test_ai_mod.carbon_tasks.generate_auto_labels_task -- writing merged, suggested labels to file: /Users/bot/test_ai/apps/805ab2d0-1b98-4c86-af8c-1a247c26739f/builds/00e87c1e-5a12-4f5c-95fc-89f84d1f78a1/crawls/20210429024641/labels/suggested_labels.json
2021-04-30 12:35:16,401 INFO     test_ai_mod.carbon_tasks.generate_auto_labels_task -- writing merged, suggested labels to file: /Users/bot/test_ai/apps/805ab2d0-1b98-4c86-af8c-1a247c26739f/builds/00e87c1e-5a12-4f5c-95fc-89f84d1f78a1/crawls/20210427191231/labels/suggested_labels.json
2021-04-30 12:35:16,424 INFO     test_ai_mod.carbon_tasks.generate_auto_labels_task -- writing merged, suggested labels to file: /Users/bot/test_ai/apps/805ab2d0-1b98-4c86-af8c-1a247c26739f/builds/00e87c1e-5a12-4f5c-95fc-89f84d1f78a1/crawls/20210429012633/labels/suggested_labels.json
2021-04-30 12:35:16,438 INFO     test_ai_mod.carbon_tasks.generate_auto_labels_task -- writing merged, suggested labels to file: /Users/bot/test_ai/apps/805ab2d0-1b98-4c86-af8c-1a247c26739f/builds/00e87c1e-5a12-4f5c-95fc-89f84d1f78a1/crawls/20210429031710/labels/suggested_labels.json
2021-04-30 12:35:16,450 INFO     test_ai_mod.carbon_tasks.generate_auto_labels_task -- writing merged, suggested labels to file: /Users/bot/test_ai/apps/805ab2d0-1b98-4c86-af8c-1a247c26739f/builds/00e87c1e-5a12-4f5c-95fc-89f84d1f78a1/crawls/20210428231414/labels/suggested_labels.json
2021-04-30 12:35:16,456 INFO     test_ai_mod.carbon_tasks.generate_auto_labels_task -- writing merged, suggested labels to file: /Users/bot/test_ai/apps/805ab2d0-1b98-4c86-af8c-1a247c26739f/builds/00e87c1e-5a12-4f5c-95fc-89f84d1f78a1/crawls/20210427212848/labels/suggested_labels.json
2021-04-30 12:35:16,480 INFO     test_ai_mod.carbon_tasks.generate_auto_labels_task -- writing merged, suggested labels to file: /Users/bot/test_ai/apps/805ab2d0-1b98-4c86-af8c-1a247c26739f/builds/00e87c1e-5a12-4f5c-95fc-89f84d1f78a1/crawls/20210427203702/labels/suggested_labels.json
2021-04-30 12:35:16,481 INFO     test_ai_mod.carbon_tasks.generate_auto_labels_task -- writing merged, suggested labels to file: /Users/bot/test_ai/apps/805ab2d0-1b98-4c86-af8c-1a247c26739f/builds/00e87c1e-5a12-4f5c-95fc-89f84d1f78a1/crawls/20210429022655/labels/suggested_labels.json
2021-04-30 12:35:16,481 INFO     test_ai_mod.carbon_tasks.generate_auto_labels_task -- writing merged, suggested labels to file: /Users/bot/test_ai/apps/805ab2d0-1b98-4c86-af8c-1a247c26739f/builds/00e87c1e-5a12-4f5c-95fc-89f84d1f78a1/crawls/20210430123339/labels/suggested_labels.json
2021-04-30 12:35:16,486 INFO     test_ai_mod.carbon_tasks.generate_auto_labels_task -- writing merged, suggested labels to file: /Users/bot/test_ai/apps/805ab2d0-1b98-4c86-af8c-1a247c26739f/builds/00e87c1e-5a12-4f5c-95fc-89f84d1f78a1/crawls/20210429021229/labels/suggested_labels.json
2021-04-30 12:35:16,493 INFO     test_ai_mod.carbon_tasks.generate_auto_labels_task -- writing applied hashes to labels to file: /Users/bot/test_ai/apps/805ab2d0-1b98-4c86-af8c-1a247c26739f/lkg/hashes_to_labels.json
2021-04-30 12:35:16,494 INFO     test_ai_mod.carbon_tasks.generate_auto_labels_task -- writing applied human readable to labels to file: /Users/bot/test_ai/apps/805ab2d0-1b98-4c86-af8c-1a247c26739f/lkg/human_readable_to_labels.json
2021-04-30 12:35:16,496 INFO     test_ai_mod.carbon_tasks.generate_auto_labels_task -- writing label to hash dicts to file: /Users/bot/test_ai/apps/805ab2d0-1b98-4c86-af8c-1a247c26739f/lkg/label_to_hash_dicts.json
2021-04-30 12:35:16,497 INFO     test_ai_mod.carbon_tasks.generate_auto_labels_task -- writing human readable to paths to file: /Users/bot/test_ai/apps/805ab2d0-1b98-4c86-af8c-1a247c26739f/lkg/human_readable_to_paths.json
2021-04-30 12:35:16,499 INFO     test_ai_mod.carbon_classifiers.label_classifier_pipe -- Begin loading configured modules
2021-04-30 12:35:16,500 INFO     test_ai_mod.carbon_classifiers.carbon_classifier_v1.screen_classifier -- Loading ScreenClassifier
2021-04-30 12:35:16,500 INFO     test_ai_mod.carbon_classifiers.template_matching.app_specific_template_matcher -- Loading AppSpecificTemplateMatcher
2021-04-30 12:35:16,500 INFO     test_ai_mod.carbon_classifiers.perceptual.nn_classifier -- Loading NNClassifier
2021-04-30 12:35:16,500 INFO     test_ai_mod.carbon_classifiers.template_matching.template_matching_classifier -- Loading TemplateMatchingClassifier
2021-04-30 12:35:16,500 WARNING  test_ai_mod.carbon_classifiers.template_matching.template_matching_classifier -- No template director exists at /Users/bot/test_ai/templates
2021-04-30 12:35:16,501 INFO     test_ai_mod.carbon_classifiers.general_classifier_v1.general_classifier -- Initializing general classifiers
2021-04-30 12:35:16,502 INFO     test_ai_mod.carbon_classifiers.general_classifier_v1.general_classifier -- loading classifier data: SCREENS, from path: /Users/bot/Desktop/test_ai_270.app/Contents/MacOS/SCREENS.unenc
2021-04-30 12:35:17,190 INFO     test_ai_mod.carbon_classifiers.general_classifier_v1.general_classifier -- Loaded SCREENS classifiers, 0.689466953278
2021-04-30 12:35:17,191 INFO     test_ai_mod.carbon_classifiers.general_classifier_v1.general_classifier -- loading classifier data: ELEM_IMAGES, from path: /Users/bot/Desktop/test_ai_270.app/Contents/MacOS/ELEM_IMAGES.unenc
2021-04-30 12:35:17,375 INFO     test_ai_mod.carbon_classifiers.general_classifier_v1.general_classifier -- Loaded ELEM_IMAGES classifiers, 0.184591054916
2021-04-30 12:35:17,376 INFO     test_ai_mod.carbon_classifiers.general_classifier_v1.general_classifier -- loading classifier data: IMAGENET, from path: /Users/bot/Desktop/test_ai_270.app/Contents/MacOS/IMAGENET.unenc
2021-04-30 12:35:17,724 INFO     test_ai_mod.carbon_classifiers.general_classifier_v1.general_classifier -- Loaded IMAGENET classifiers, 0.349252939224
2021-04-30 12:35:18,678 INFO     test_ai_mod.carbon_classifiers.general_classifier_v1.general_classifier -- Finished general classification load attempt: 0.349252939224
2021-04-30 12:35:18,709 INFO     test_ai_mod.carbon_classifiers.http_classifier.http_classifier -- Loaded Http Classifier for ""
2021-04-30 12:35:18,710 INFO     test_ai_mod.carbon_tasks.generate_auto_labels_task -- classifying 1 unique screens
2021-04-30 12:35:18,710 INFO     test_ai_mod.carbon_utils.carbon_data -- loading models from LKG dir
2021-04-30 12:35:18,710 INFO     test_ai_mod.carbon_utils.carbon_data -- loading models from LKG dir
2021-04-30 12:35:18,714 INFO     test_ai_mod.carbon_classifiers.label_classifier_pipe -- Begin labeling elements
2021-04-30 12:35:18,729 INFO     test_ai_mod.carbon_classifiers.template_matching.app_specific_template_matcher -- Classifying screen with AppSpecificTemplateMatcher
2021-04-30 12:35:18,730 INFO     test_ai_mod.carbon_classifiers.perceptual.nn_classifier -- Classifying screen with NNClassifier
2021-04-30 12:35:18,814 INFO     test_ai_mod.carbon_classifiers.label_classifier_pipe -- End labeling elements: Time taken 0.0999920368195 seconds
2021-04-30 12:35:18,815 INFO     test_ai_mod.carbon_tasks.generate_auto_labels_task -- classifying 49 unique elems
2021-04-30 12:35:18,819 INFO     test_ai_mod.carbon_utils.carbon_data -- loading models from LKG dir
2021-04-30 12:35:18,819 INFO     test_ai_mod.carbon_utils.carbon_data -- loading models from LKG dir
2021-04-30 12:35:18,819 INFO     test_ai_mod.carbon_classifiers.label_classifier_pipe -- Begin labeling elements
2021-04-30 12:35:18,831 INFO     test_ai_mod.carbon_classifiers.template_matching.app_specific_template_matcher -- Classifying screen with AppSpecificTemplateMatcher
2021-04-30 12:35:18,831 INFO     test_ai_mod.carbon_classifiers.perceptual.nn_classifier -- Classifying screen with NNClassifier
2021-04-30 12:35:18,903 INFO     test_ai_mod.carbon_classifiers.perceptual.nn_classifier -- elem classified: icn_home, score: 1.0
2021-04-30 12:35:18,905 INFO     test_ai_mod.carbon_classifiers.perceptual.nn_classifier -- elem classified: btn_women, score: 0.98
2021-04-30 12:35:18,907 INFO     test_ai_mod.carbon_classifiers.perceptual.nn_classifier -- elem classified: icn_cart, score: 1.0
2021-04-30 12:35:18,910 INFO     test_ai_mod.carbon_classifiers.perceptual.nn_classifier -- elem classified: icn_favorites, score: 1.0
2021-04-30 12:35:18,922 INFO     test_ai_mod.carbon_classifiers.perceptual.nn_classifier -- elem classified: btn_men, score: 0.99
2021-04-30 12:35:18,923 INFO     test_ai_mod.carbon_classifiers.perceptual.nn_classifier -- elem classified: btn_sale, score: 0.99
2021-04-30 12:35:18,924 INFO     test_ai_mod.carbon_classifiers.perceptual.nn_classifier -- elem classified: btn_customize, score: 0.96
2021-04-30 12:35:18,930 INFO     test_ai_mod.carbon_classifiers.perceptual.nn_classifier -- elem classified: btn_search, score: 1.0
2021-04-30 12:35:18,931 INFO     test_ai_mod.carbon_classifiers.perceptual.nn_classifier -- elem classified: icn_converse, score: 1.0
2021-04-30 12:35:18,931 INFO     test_ai_mod.carbon_classifiers.perceptual.nn_classifier -- elem classified: btn_kids, score: 0.96
2021-04-30 12:35:18,933 INFO     test_ai_mod.carbon_classifiers.perceptual.nn_classifier -- elem classified: inp_txt_search, score: 1.0
2021-04-30 12:35:18,934 INFO     test_ai_mod.carbon_classifiers.perceptual.nn_classifier -- elem classified: btn_sign_in_home, score: 0.99
2021-04-30 12:35:18,934 INFO     test_ai_mod.carbon_classifiers.perceptual.nn_classifier -- elem classified: btn_help, score: 0.99
2021-04-30 12:35:18,935 INFO     test_ai_mod.carbon_classifiers.perceptual.nn_classifier -- elem classified: icn_air_jordan, score: 1.0
2021-04-30 12:35:18,939 INFO     test_ai_mod.carbon_classifiers.perceptual.nn_classifier -- elem classified: btn_nike_membership, score: 0.99
2021-04-30 12:35:18,945 INFO     test_ai_mod.carbon_classifiers.perceptual.nn_classifier -- elem classified: mnu_new_releases, score: 0.98
2021-04-30 12:35:18,956 INFO     test_ai_mod.carbon_classifiers.label_classifier_pipe -- End labeling elements: Time taken 0.13644194603 seconds
2021-04-30 12:35:18,957 INFO     test_ai_mod.carbon_tasks.generate_auto_labels_task -- writing merged, suggested labels to file: /Users/bot/test_ai/apps/805ab2d0-1b98-4c86-af8c-1a247c26739f/builds/00e87c1e-5a12-4f5c-95fc-89f84d1f78a1/crawls/20210430123339/labels/suggested_labels.json
2021-04-30 12:35:18,960 INFO     test_ai_mod.carbon_controllers.crawls -- Removing threaded log file handler for crawl.
